src/components/AIChatbot.tsx(25,33): error TS2339: Property 'scrollIntoView' does not exist on type 'never'.
src/components/AIChatbot.tsx(35,42): error TS18046: 'SpeechRecognition' is of type 'unknown'.
src/components/AIChatbot.tsx(36,13): error TS18047: 'recognitionRef.current' is possibly 'null'.
src/components/AIChatbot.tsx(37,13): error TS18047: 'recognitionRef.current' is possibly 'null'.
src/components/AIChatbot.tsx(38,13): error TS18047: 'recognitionRef.current' is possibly 'null'.
src/components/AIChatbot.tsx(40,13): error TS18047: 'recognitionRef.current' is possibly 'null'.
src/components/AIChatbot.tsx(40,48): error TS7006: Parameter 'event' implicitly has an 'any' type.
src/components/AIChatbot.tsx(46,13): error TS18047: 'recognitionRef.current' is possibly 'null'.
src/components/AIChatbot.tsx(54,37): error TS2339: Property 'stop' does not exist on type 'never'.
src/components/AIChatbot.tsx(57,37): error TS2339: Property 'start' does not exist on type 'never'.
src/components/AIChatbot.tsx(62,20): error TS7006: Parameter 'text' implicitly has an 'any' type.
src/components/AIChatbot.tsx(73,31): error TS7006: Parameter 'query' implicitly has an 'any' type.
src/components/canvas/Computers.tsx(10,21): error TS2554: Expected 1 arguments, but got 0.
src/components/canvas/Computers.tsx(11,22): error TS2554: Expected 1 arguments, but got 0.
src/components/canvas/Computers.tsx(17,29): error TS2339: Property 'rotation' does not exist on type '{}'.
src/components/canvas/Computers.tsx(20,30): error TS2339: Property 'rotation' does not exist on type '{}'.
src/components/canvas/Computers.tsx(25,9): error TS2339: Property 'group' does not exist on type 'JSX.IntrinsicElements'.
src/components/canvas/Computers.tsx(27,13): error TS2339: Property 'mesh' does not exist on type 'JSX.IntrinsicElements'.
src/components/canvas/Computers.tsx(28,17): error TS2339: Property 'cylinderGeometry' does not exist on type 'JSX.IntrinsicElements'.
src/components/canvas/Computers.tsx(29,17): error TS2339: Property 'meshStandardMaterial' does not exist on type 'JSX.IntrinsicElements'.
src/components/canvas/Computers.tsx(34,13): error TS2339: Property 'mesh' does not exist on type 'JSX.IntrinsicElements'.
src/components/canvas/Computers.tsx(37,13): error TS2339: Property 'mesh' does not exist on type 'JSX.IntrinsicElements'.
src/components/canvas/Computers.tsx(38,17): error TS2339: Property 'ringGeometry' does not exist on type 'JSX.IntrinsicElements'.
src/components/canvas/Computers.tsx(39,17): error TS2339: Property 'meshBasicMaterial' does not exist on type 'JSX.IntrinsicElements'.
src/components/canvas/Computers.tsx(40,13): error TS2339: Property 'mesh' does not exist on type 'JSX.IntrinsicElements'.
src/components/canvas/Computers.tsx(43,13): error TS2339: Property 'mesh' does not exist on type 'JSX.IntrinsicElements'.
src/components/canvas/Computers.tsx(44,17): error TS2339: Property 'ringGeometry' does not exist on type 'JSX.IntrinsicElements'.
src/components/canvas/Computers.tsx(45,17): error TS2339: Property 'meshBasicMaterial' does not exist on type 'JSX.IntrinsicElements'.
src/components/canvas/Computers.tsx(46,13): error TS2339: Property 'mesh' does not exist on type 'JSX.IntrinsicElements'.
src/components/canvas/Computers.tsx(49,13): error TS2339: Property 'mesh' does not exist on type 'JSX.IntrinsicElements'.
src/components/canvas/Computers.tsx(50,17): error TS2339: Property 'circleGeometry' does not exist on type 'JSX.IntrinsicElements'.
src/components/canvas/Computers.tsx(51,17): error TS2339: Property 'meshBasicMaterial' does not exist on type 'JSX.IntrinsicElements'.
src/components/canvas/Computers.tsx(52,13): error TS2339: Property 'mesh' does not exist on type 'JSX.IntrinsicElements'.
src/components/canvas/Computers.tsx(55,13): error TS2339: Property 'mesh' does not exist on type 'JSX.IntrinsicElements'.
src/components/canvas/Computers.tsx(56,17): error TS2339: Property 'torusGeometry' does not exist on type 'JSX.IntrinsicElements'.
src/components/canvas/Computers.tsx(57,17): error TS2339: Property 'meshBasicMaterial' does not exist on type 'JSX.IntrinsicElements'.
src/components/canvas/Computers.tsx(58,13): error TS2339: Property 'mesh' does not exist on type 'JSX.IntrinsicElements'.
src/components/canvas/Computers.tsx(61,13): error TS2339: Property 'mesh' does not exist on type 'JSX.IntrinsicElements'.
src/components/canvas/Computers.tsx(62,17): error TS2339: Property 'torusGeometry' does not exist on type 'JSX.IntrinsicElements'.
src/components/canvas/Computers.tsx(63,17): error TS2339: Property 'meshBasicMaterial' does not exist on type 'JSX.IntrinsicElements'.
src/components/canvas/Computers.tsx(64,13): error TS2339: Property 'mesh' does not exist on type 'JSX.IntrinsicElements'.
src/components/canvas/Computers.tsx(68,17): error TS2339: Property 'mesh' does not exist on type 'JSX.IntrinsicElements'.
src/components/canvas/Computers.tsx(69,21): error TS2339: Property 'ringGeometry' does not exist on type 'JSX.IntrinsicElements'.
src/components/canvas/Computers.tsx(70,21): error TS2339: Property 'meshBasicMaterial' does not exist on type 'JSX.IntrinsicElements'.
src/components/canvas/Computers.tsx(71,17): error TS2339: Property 'mesh' does not exist on type 'JSX.IntrinsicElements'.
src/components/canvas/Computers.tsx(73,9): error TS2339: Property 'group' does not exist on type 'JSX.IntrinsicElements'.
src/components/canvas/Computers.tsx(81,23): error TS7031: Binding element 'isMobile' implicitly has an 'any' type.
src/components/canvas/Computers.tsx(82,22): error TS2554: Expected 1 arguments, but got 0.
src/components/canvas/Computers.tsx(83,22): error TS2554: Expected 1 arguments, but got 0.
src/components/canvas/Computers.tsx(108,28): error TS18046: 'mixerRef.current' is of type 'unknown'.
src/components/canvas/Computers.tsx(118,23): error TS2339: Property 'isMesh' does not exist on type 'Object3D<Object3DEventMap>'.
src/components/canvas/Computers.tsx(137,23): error TS2339: Property 'material' does not exist on type 'Object3D<Object3DEventMap>'.
src/components/canvas/Computers.tsx(148,30): error TS2339: Property 'update' does not exist on type '{}'.
src/components/canvas/Computers.tsx(152,30): error TS2339: Property 'rotation' does not exist on type '{}'.
src/components/canvas/Computers.tsx(160,9): error TS2339: Property 'group' does not exist on type 'JSX.IntrinsicElements'.
src/components/canvas/Computers.tsx(162,13): error TS2339: Property 'primitive' does not exist on type 'JSX.IntrinsicElements'.
src/components/canvas/Computers.tsx(171,9): error TS2339: Property 'group' does not exist on type 'JSX.IntrinsicElements'.
src/components/canvas/Computers.tsx(176,22): error TS7031: Binding element 'isMobile' implicitly has an 'any' type.
src/components/canvas/ComputersCanvas.tsx(19,41): error TS7006: Parameter 'event' implicitly has an 'any' type.
src/components/canvas/ComputersCanvas.tsx(41,17): error TS2339: Property 'hemisphereLight' does not exist on type 'JSX.IntrinsicElements'.
src/components/canvas/ComputersCanvas.tsx(44,17): error TS2339: Property 'directionalLight' does not exist on type 'JSX.IntrinsicElements'.
src/components/canvas/ComputersCanvas.tsx(52,17): error TS2339: Property 'directionalLight' does not exist on type 'JSX.IntrinsicElements'.
src/components/canvas/ComputersCanvas.tsx(59,17): error TS2339: Property 'pointLight' does not exist on type 'JSX.IntrinsicElements'.
src/components/canvas/ComputersCanvas.tsx(67,17): error TS2339: Property 'pointLight' does not exist on type 'JSX.IntrinsicElements'.
src/components/canvas/ComputersCanvas.tsx(75,17): error TS2339: Property 'ambientLight' does not exist on type 'JSX.IntrinsicElements'.
src/components/canvas/CyberPlanet.tsx(11,13): error TS2339: Property 'meshStandardMaterial' does not exist on type 'JSX.IntrinsicElements'.
src/components/canvas/CyberPlanet.tsx(23,17): error TS7031: Binding element 'radius' implicitly has an 'any' type.
src/components/canvas/CyberPlanet.tsx(23,25): error TS7031: Binding element 'width' implicitly has an 'any' type.
src/components/canvas/CyberPlanet.tsx(23,32): error TS7031: Binding element 'color' implicitly has an 'any' type.
src/components/canvas/CyberPlanet.tsx(23,39): error TS7031: Binding element 'speed' implicitly has an 'any' type.
src/components/canvas/CyberPlanet.tsx(24,17): error TS2554: Expected 1 arguments, but got 0.
src/components/canvas/CyberPlanet.tsx(28,25): error TS2339: Property 'rotation' does not exist on type '{}'.
src/components/canvas/CyberPlanet.tsx(29,25): error TS2339: Property 'rotation' does not exist on type '{}'.
src/components/canvas/CyberPlanet.tsx(34,9): error TS2339: Property 'group' does not exist on type 'JSX.IntrinsicElements'.
src/components/canvas/CyberPlanet.tsx(35,13): error TS2339: Property 'mesh' does not exist on type 'JSX.IntrinsicElements'.
src/components/canvas/CyberPlanet.tsx(36,17): error TS2339: Property 'torusGeometry' does not exist on type 'JSX.IntrinsicElements'.
src/components/canvas/CyberPlanet.tsx(37,17): error TS2339: Property 'meshBasicMaterial' does not exist on type 'JSX.IntrinsicElements'.
src/components/canvas/CyberPlanet.tsx(38,13): error TS2339: Property 'mesh' does not exist on type 'JSX.IntrinsicElements'.
src/components/canvas/CyberPlanet.tsx(39,9): error TS2339: Property 'group' does not exist on type 'JSX.IntrinsicElements'.
src/components/canvas/CyberPlanet.tsx(43,22): error TS7031: Binding element 'distance' implicitly has an 'any' type.
src/components/canvas/CyberPlanet.tsx(43,32): error TS7031: Binding element 'speed' implicitly has an 'any' type.
src/components/canvas/CyberPlanet.tsx(43,39): error TS7031: Binding element 'size' implicitly has an 'any' type.
src/components/canvas/CyberPlanet.tsx(43,45): error TS7031: Binding element 'color' implicitly has an 'any' type.
src/components/canvas/CyberPlanet.tsx(43,52): error TS7031: Binding element 'offset' implicitly has an 'any' type.
src/components/canvas/CyberPlanet.tsx(44,17): error TS2554: Expected 1 arguments, but got 0.
src/components/canvas/CyberPlanet.tsx(49,25): error TS2339: Property 'position' does not exist on type '{}'.
src/components/canvas/CyberPlanet.tsx(50,25): error TS2339: Property 'position' does not exist on type '{}'.
src/components/canvas/CyberPlanet.tsx(51,25): error TS2339: Property 'position' does not exist on type '{}'.
src/components/canvas/CyberPlanet.tsx(52,25): error TS2339: Property 'rotation' does not exist on type '{}'.
src/components/canvas/CyberPlanet.tsx(57,9): error TS2339: Property 'mesh' does not exist on type 'JSX.IntrinsicElements'.
src/components/canvas/CyberPlanet.tsx(58,13): error TS2339: Property 'icosahedronGeometry' does not exist on type 'JSX.IntrinsicElements'.
src/components/canvas/CyberPlanet.tsx(59,13): error TS2339: Property 'meshStandardMaterial' does not exist on type 'JSX.IntrinsicElements'.
src/components/canvas/CyberPlanet.tsx(65,9): error TS2339: Property 'mesh' does not exist on type 'JSX.IntrinsicElements'.
src/components/canvas/CyberPlanet.tsx(69,24): error TS7031: Binding element 'mousePosition' implicitly has an 'any' type.
src/components/canvas/CyberPlanet.tsx(70,22): error TS2554: Expected 1 arguments, but got 0.
src/components/canvas/CyberPlanet.tsx(79,30): error TS2339: Property 'rotation' does not exist on type '{}'.
src/components/canvas/CyberPlanet.tsx(79,89): error TS2339: Property 'rotation' does not exist on type '{}'.
src/components/canvas/CyberPlanet.tsx(80,30): error TS2339: Property 'rotation' does not exist on type '{}'.
src/components/canvas/CyberPlanet.tsx(80,89): error TS2339: Property 'rotation' does not exist on type '{}'.
src/components/canvas/CyberPlanet.tsx(83,30): error TS2339: Property 'rotation' does not exist on type '{}'.
src/components/canvas/CyberPlanet.tsx(89,13): error TS2339: Property 'group' does not exist on type 'JSX.IntrinsicElements'.
src/components/canvas/CyberPlanet.tsx(94,17): error TS2339: Property 'mesh' does not exist on type 'JSX.IntrinsicElements'.
src/components/canvas/CyberPlanet.tsx(95,21): error TS2339: Property 'icosahedronGeometry' does not exist on type 'JSX.IntrinsicElements'.
src/components/canvas/CyberPlanet.tsx(96,21): error TS2339: Property 'meshBasicMaterial' does not exist on type 'JSX.IntrinsicElements'.
src/components/canvas/CyberPlanet.tsx(97,17): error TS2339: Property 'mesh' does not exist on type 'JSX.IntrinsicElements'.
src/components/canvas/CyberPlanet.tsx(111,21): error TS2339: Property 'mesh' does not exist on type 'JSX.IntrinsicElements'.
src/components/canvas/CyberPlanet.tsx(119,25): error TS2339: Property 'sphereGeometry' does not exist on type 'JSX.IntrinsicElements'.
src/components/canvas/CyberPlanet.tsx(120,25): error TS2339: Property 'meshBasicMaterial' does not exist on type 'JSX.IntrinsicElements'.
src/components/canvas/CyberPlanet.tsx(121,21): error TS2339: Property 'mesh' does not exist on type 'JSX.IntrinsicElements'.
src/components/canvas/CyberPlanet.tsx(123,13): error TS2339: Property 'group' does not exist on type 'JSX.IntrinsicElements'.
src/components/canvas/DigitalEarth.tsx(9,27): error TS7031: Binding element 'position' implicitly has an 'any' type.
src/components/canvas/DigitalEarth.tsx(10,23): error TS2554: Expected 1 arguments, but got 0.
src/components/canvas/DigitalEarth.tsx(11,21): error TS2554: Expected 1 arguments, but got 0.
src/components/canvas/DigitalEarth.tsx(15,31): error TS2339: Property 'scale' does not exist on type '{}'.
src/components/canvas/DigitalEarth.tsx(18,29): error TS2339: Property 'scale' does not exist on type '{}'.
src/components/canvas/DigitalEarth.tsx(19,29): error TS2339: Property 'rotation' does not exist on type '{}'.
src/components/canvas/DigitalEarth.tsx(24,9): error TS2339: Property 'group' does not exist on type 'JSX.IntrinsicElements'.
src/components/canvas/DigitalEarth.tsx(26,13): error TS2339: Property 'mesh' does not exist on type 'JSX.IntrinsicElements'.
src/components/canvas/DigitalEarth.tsx(27,17): error TS2339: Property 'sphereGeometry' does not exist on type 'JSX.IntrinsicElements'.
src/components/canvas/DigitalEarth.tsx(28,17): error TS2339: Property 'meshBasicMaterial' does not exist on type 'JSX.IntrinsicElements'.
src/components/canvas/DigitalEarth.tsx(29,13): error TS2339: Property 'mesh' does not exist on type 'JSX.IntrinsicElements'.
src/components/canvas/DigitalEarth.tsx(32,13): error TS2339: Property 'mesh' does not exist on type 'JSX.IntrinsicElements'.
src/components/canvas/DigitalEarth.tsx(33,17): error TS2339: Property 'ringGeometry' does not exist on type 'JSX.IntrinsicElements'.
src/components/canvas/DigitalEarth.tsx(34,17): error TS2339: Property 'meshBasicMaterial' does not exist on type 'JSX.IntrinsicElements'.
src/components/canvas/DigitalEarth.tsx(35,13): error TS2339: Property 'mesh' does not exist on type 'JSX.IntrinsicElements'.
src/components/canvas/DigitalEarth.tsx(38,13): error TS2339: Property 'mesh' does not exist on type 'JSX.IntrinsicElements'.
src/components/canvas/DigitalEarth.tsx(39,17): error TS2339: Property 'cylinderGeometry' does not exist on type 'JSX.IntrinsicElements'.
src/components/canvas/DigitalEarth.tsx(40,17): error TS2339: Property 'meshBasicMaterial' does not exist on type 'JSX.IntrinsicElements'.
src/components/canvas/DigitalEarth.tsx(41,13): error TS2339: Property 'mesh' does not exist on type 'JSX.IntrinsicElements'.
src/components/canvas/DigitalEarth.tsx(42,9): error TS2339: Property 'group' does not exist on type 'JSX.IntrinsicElements'.
src/components/canvas/DigitalEarth.tsx(47,25): error TS7031: Binding element 'points' implicitly has an 'any' type.
src/components/canvas/DigitalEarth.tsx(48,21): error TS2554: Expected 1 arguments, but got 0.
src/components/canvas/DigitalEarth.tsx(52,29): error TS2339: Property 'material' does not exist on type '{}'.
src/components/canvas/DigitalEarth.tsx(72,9): error TS2339: Property 'lineSegments' does not exist on type 'JSX.IntrinsicElements'.
src/components/canvas/DigitalEarth.tsx(73,13): error TS2339: Property 'bufferGeometry' does not exist on type 'JSX.IntrinsicElements'.
src/components/canvas/DigitalEarth.tsx(74,17): error TS2339: Property 'bufferAttribute' does not exist on type 'JSX.IntrinsicElements'.
src/components/canvas/DigitalEarth.tsx(80,13): error TS2339: Property 'bufferGeometry' does not exist on type 'JSX.IntrinsicElements'.
src/components/canvas/DigitalEarth.tsx(81,13): error TS2339: Property 'lineBasicMaterial' does not exist on type 'JSX.IntrinsicElements'.
src/components/canvas/DigitalEarth.tsx(82,9): error TS2339: Property 'lineSegments' does not exist on type 'JSX.IntrinsicElements'.
src/components/canvas/DigitalEarth.tsx(88,23): error TS2554: Expected 1 arguments, but got 0.
src/components/canvas/DigitalEarth.tsx(114,31): error TS2339: Property 'rotation' does not exist on type '{}'.
src/components/canvas/DigitalEarth.tsx(119,9): error TS2339: Property 'points' does not exist on type 'JSX.IntrinsicElements'.
src/components/canvas/DigitalEarth.tsx(120,13): error TS2339: Property 'bufferGeometry' does not exist on type 'JSX.IntrinsicElements'.
src/components/canvas/DigitalEarth.tsx(121,17): error TS2339: Property 'bufferAttribute' does not exist on type 'JSX.IntrinsicElements'.
src/components/canvas/DigitalEarth.tsx(127,13): error TS2339: Property 'bufferGeometry' does not exist on type 'JSX.IntrinsicElements'.
src/components/canvas/DigitalEarth.tsx(128,13): error TS2339: Property 'pointsMaterial' does not exist on type 'JSX.IntrinsicElements'.
src/components/canvas/DigitalEarth.tsx(135,9): error TS2339: Property 'points' does not exist on type 'JSX.IntrinsicElements'.
src/components/canvas/DigitalEarth.tsx(141,22): error TS2554: Expected 1 arguments, but got 0.
src/components/canvas/DigitalEarth.tsx(142,26): error TS2554: Expected 1 arguments, but got 0.
src/components/canvas/DigitalEarth.tsx(146,31): error TS7006: Parameter 'lat' implicitly has an 'any' type.
src/components/canvas/DigitalEarth.tsx(146,36): error TS7006: Parameter 'lng' implicitly has an 'any' type.
src/components/canvas/DigitalEarth.tsx(162,15): error TS7034: Variable 'nodes' implicitly has type 'any[]' in some locations where its type cannot be determined.
src/components/canvas/DigitalEarth.tsx(179,16): error TS7005: Variable 'nodes' implicitly has an 'any[]' type.
src/components/canvas/DigitalEarth.tsx(185,30): error TS2339: Property 'rotation' does not exist on type '{}'.
src/components/canvas/DigitalEarth.tsx(188,30): error TS2339: Property 'rotation' does not exist on type '{}'.
src/components/canvas/DigitalEarth.tsx(189,30): error TS2339: Property 'rotation' does not exist on type '{}'.
src/components/canvas/DigitalEarth.tsx(194,9): error TS2339: Property 'group' does not exist on type 'JSX.IntrinsicElements'.
src/components/canvas/DigitalEarth.tsx(196,13): error TS2339: Property 'mesh' does not exist on type 'JSX.IntrinsicElements'.
src/components/canvas/DigitalEarth.tsx(197,17): error TS2339: Property 'sphereGeometry' does not exist on type 'JSX.IntrinsicElements'.
src/components/canvas/DigitalEarth.tsx(198,17): error TS2339: Property 'meshBasicMaterial' does not exist on type 'JSX.IntrinsicElements'.
src/components/canvas/DigitalEarth.tsx(203,13): error TS2339: Property 'mesh' does not exist on type 'JSX.IntrinsicElements'.
src/components/canvas/DigitalEarth.tsx(206,13): error TS2339: Property 'mesh' does not exist on type 'JSX.IntrinsicElements'.
src/components/canvas/DigitalEarth.tsx(207,17): error TS2339: Property 'sphereGeometry' does not exist on type 'JSX.IntrinsicElements'.
src/components/canvas/DigitalEarth.tsx(208,17): error TS2339: Property 'meshBasicMaterial' does not exist on type 'JSX.IntrinsicElements'.
src/components/canvas/DigitalEarth.tsx(214,13): error TS2339: Property 'mesh' does not exist on type 'JSX.IntrinsicElements'.
src/components/canvas/DigitalEarth.tsx(235,13): error TS2339: Property 'mesh' does not exist on type 'JSX.IntrinsicElements'.
src/components/canvas/DigitalEarth.tsx(236,17): error TS2339: Property 'sphereGeometry' does not exist on type 'JSX.IntrinsicElements'.
src/components/canvas/DigitalEarth.tsx(237,17): error TS2339: Property 'meshBasicMaterial' does not exist on type 'JSX.IntrinsicElements'.
src/components/canvas/DigitalEarth.tsx(243,13): error TS2339: Property 'mesh' does not exist on type 'JSX.IntrinsicElements'.
src/components/canvas/DigitalEarth.tsx(246,13): error TS2339: Property 'mesh' does not exist on type 'JSX.IntrinsicElements'.
src/components/canvas/DigitalEarth.tsx(247,17): error TS2339: Property 'ringGeometry' does not exist on type 'JSX.IntrinsicElements'.
src/components/canvas/DigitalEarth.tsx(248,17): error TS2339: Property 'meshBasicMaterial' does not exist on type 'JSX.IntrinsicElements'.
src/components/canvas/DigitalEarth.tsx(254,13): error TS2339: Property 'mesh' does not exist on type 'JSX.IntrinsicElements'.
src/components/canvas/DigitalEarth.tsx(255,9): error TS2339: Property 'group' does not exist on type 'JSX.IntrinsicElements'.
src/components/canvas/DigitalEarth.tsx(269,17): error TS2339: Property 'ambientLight' does not exist on type 'JSX.IntrinsicElements'.
src/components/canvas/DigitalEarth.tsx(270,17): error TS2339: Property 'pointLight' does not exist on type 'JSX.IntrinsicElements'.
src/components/canvas/DigitalEarth.tsx(271,17): error TS2339: Property 'pointLight' does not exist on type 'JSX.IntrinsicElements'.
src/components/canvas/NeuralNetwork3D.tsx(9,19): error TS7031: Binding element 'position' implicitly has an 'any' type.
src/components/canvas/NeuralNetwork3D.tsx(9,29): error TS7031: Binding element 'color' implicitly has an 'any' type.
src/components/canvas/NeuralNetwork3D.tsx(10,21): error TS2554: Expected 1 arguments, but got 0.
src/components/canvas/NeuralNetwork3D.tsx(11,21): error TS2554: Expected 1 arguments, but got 0.
src/components/canvas/NeuralNetwork3D.tsx(20,29): error TS2339: Property 'scale' does not exist on type '{}'.
src/components/canvas/NeuralNetwork3D.tsx(26,29): error TS2339: Property 'material' does not exist on type '{}'.
src/components/canvas/NeuralNetwork3D.tsx(37,9): error TS2339: Property 'group' does not exist on type 'JSX.IntrinsicElements'.
src/components/canvas/NeuralNetwork3D.tsx(39,13): error TS2339: Property 'mesh' does not exist on type 'JSX.IntrinsicElements'.
src/components/canvas/NeuralNetwork3D.tsx(40,17): error TS2339: Property 'sphereGeometry' does not exist on type 'JSX.IntrinsicElements'.
src/components/canvas/NeuralNetwork3D.tsx(41,17): error TS2339: Property 'meshStandardMaterial' does not exist on type 'JSX.IntrinsicElements'.
src/components/canvas/NeuralNetwork3D.tsx(48,13): error TS2339: Property 'mesh' does not exist on type 'JSX.IntrinsicElements'.
src/components/canvas/NeuralNetwork3D.tsx(51,13): error TS2339: Property 'mesh' does not exist on type 'JSX.IntrinsicElements'.
src/components/canvas/NeuralNetwork3D.tsx(52,17): error TS2339: Property 'sphereGeometry' does not exist on type 'JSX.IntrinsicElements'.
src/components/canvas/NeuralNetwork3D.tsx(53,17): error TS2339: Property 'meshBasicMaterial' does not exist on type 'JSX.IntrinsicElements'.
src/components/canvas/NeuralNetwork3D.tsx(58,13): error TS2339: Property 'mesh' does not exist on type 'JSX.IntrinsicElements'.
src/components/canvas/NeuralNetwork3D.tsx(59,9): error TS2339: Property 'group' does not exist on type 'JSX.IntrinsicElements'.
src/components/canvas/NeuralNetwork3D.tsx(64,23): error TS7031: Binding element 'start' implicitly has an 'any' type.
src/components/canvas/NeuralNetwork3D.tsx(64,30): error TS7031: Binding element 'end' implicitly has an 'any' type.
src/components/canvas/NeuralNetwork3D.tsx(64,35): error TS7031: Binding element 'color' implicitly has an 'any' type.
src/components/canvas/NeuralNetwork3D.tsx(65,21): error TS2554: Expected 1 arguments, but got 0.
src/components/canvas/NeuralNetwork3D.tsx(66,25): error TS2554: Expected 1 arguments, but got 0.
src/components/canvas/NeuralNetwork3D.tsx(92,33): error TS2339: Property 'position' does not exist on type '{}'.
src/components/canvas/NeuralNetwork3D.tsx(93,33): error TS2339: Property 'material' does not exist on type '{}'.
src/components/canvas/NeuralNetwork3D.tsx(98,29): error TS2339: Property 'material' does not exist on type '{}'.
src/components/canvas/NeuralNetwork3D.tsx(103,9): error TS2339: Property 'group' does not exist on type 'JSX.IntrinsicElements'.
src/components/canvas/NeuralNetwork3D.tsx(105,19): error TS2322: Type 'RefObject<unknown>' is not assignable to type 'Ref<SVGLineElement> | undefined'.
  Type 'RefObject<unknown>' is not assignable to type 'RefObject<SVGLineElement | null>'.
    Type 'unknown' is not assignable to type 'SVGLineElement | null'.
src/components/canvas/NeuralNetwork3D.tsx(106,17): error TS2339: Property 'lineBasicMaterial' does not exist on type 'JSX.IntrinsicElements'.
src/components/canvas/NeuralNetwork3D.tsx(110,13): error TS2339: Property 'mesh' does not exist on type 'JSX.IntrinsicElements'.
src/components/canvas/NeuralNetwork3D.tsx(111,17): error TS2339: Property 'sphereGeometry' does not exist on type 'JSX.IntrinsicElements'.
src/components/canvas/NeuralNetwork3D.tsx(112,17): error TS2339: Property 'meshBasicMaterial' does not exist on type 'JSX.IntrinsicElements'.
src/components/canvas/NeuralNetwork3D.tsx(113,13): error TS2339: Property 'mesh' does not exist on type 'JSX.IntrinsicElements'.
src/components/canvas/NeuralNetwork3D.tsx(114,9): error TS2339: Property 'group' does not exist on type 'JSX.IntrinsicElements'.
src/components/canvas/NeuralNetwork3D.tsx(119,23): error TS7031: Binding element 'position' implicitly has an 'any' type.
src/components/canvas/NeuralNetwork3D.tsx(119,33): error TS7031: Binding element 'text' implicitly has an 'any' type.
src/components/canvas/NeuralNetwork3D.tsx(119,39): error TS7031: Binding element 'color' implicitly has an 'any' type.
src/components/canvas/NeuralNetwork3D.tsx(143,22): error TS2554: Expected 1 arguments, but got 0.
src/components/canvas/NeuralNetwork3D.tsx(155,15): error TS7034: Variable 'positions' implicitly has type 'any[]' in some locations where its type cannot be determined.
src/components/canvas/NeuralNetwork3D.tsx(166,16): error TS7005: Variable 'positions' implicitly has an 'any[]' type.
src/components/canvas/NeuralNetwork3D.tsx(171,15): error TS7034: Variable 'conns' implicitly has type 'any[]' in some locations where its type cannot be determined.
src/components/canvas/NeuralNetwork3D.tsx(176,45): error TS7006: Parameter 'startPos' implicitly has an 'any' type.
src/components/canvas/NeuralNetwork3D.tsx(177,46): error TS7006: Parameter 'endPos' implicitly has an 'any' type.
src/components/canvas/NeuralNetwork3D.tsx(190,16): error TS7005: Variable 'conns' implicitly has an 'any[]' type.
src/components/canvas/NeuralNetwork3D.tsx(196,30): error TS2339: Property 'rotation' does not exist on type '{}'.
src/components/canvas/NeuralNetwork3D.tsx(197,30): error TS2339: Property 'rotation' does not exist on type '{}'.
src/components/canvas/NeuralNetwork3D.tsx(202,9): error TS2339: Property 'group' does not exist on type 'JSX.IntrinsicElements'.
src/components/canvas/NeuralNetwork3D.tsx(206,21): error TS2339: Property 'mesh' does not exist on type 'JSX.IntrinsicElements'.
src/components/canvas/NeuralNetwork3D.tsx(213,25): error TS2339: Property 'sphereGeometry' does not exist on type 'JSX.IntrinsicElements'.
src/components/canvas/NeuralNetwork3D.tsx(214,25): error TS2339: Property 'meshBasicMaterial' does not exist on type 'JSX.IntrinsicElements'.
src/components/canvas/NeuralNetwork3D.tsx(219,21): error TS2339: Property 'mesh' does not exist on type 'JSX.IntrinsicElements'.
src/components/canvas/NeuralNetwork3D.tsx(236,17): error TS2339: Property 'group' does not exist on type 'JSX.IntrinsicElements'.
src/components/canvas/NeuralNetwork3D.tsx(237,43): error TS7006: Parameter 'pos' implicitly has an 'any' type.
src/components/canvas/NeuralNetwork3D.tsx(237,48): error TS7006: Parameter 'neuronIdx' implicitly has an 'any' type.
src/components/canvas/NeuralNetwork3D.tsx(253,17): error TS2339: Property 'group' does not exist on type 'JSX.IntrinsicElements'.
src/components/canvas/NeuralNetwork3D.tsx(258,17): error TS2339: Property 'mesh' does not exist on type 'JSX.IntrinsicElements'.
src/components/canvas/NeuralNetwork3D.tsx(259,21): error TS2339: Property 'boxGeometry' does not exist on type 'JSX.IntrinsicElements'.
src/components/canvas/NeuralNetwork3D.tsx(260,21): error TS2339: Property 'meshBasicMaterial' does not exist on type 'JSX.IntrinsicElements'.
src/components/canvas/NeuralNetwork3D.tsx(261,17): error TS2339: Property 'mesh' does not exist on type 'JSX.IntrinsicElements'.
src/components/canvas/NeuralNetwork3D.tsx(263,9): error TS2339: Property 'group' does not exist on type 'JSX.IntrinsicElements'.
src/components/canvas/NeuralNetwork3D.tsx(277,17): error TS2339: Property 'ambientLight' does not exist on type 'JSX.IntrinsicElements'.
src/components/canvas/NeuralNetwork3D.tsx(278,17): error TS2339: Property 'pointLight' does not exist on type 'JSX.IntrinsicElements'.
src/components/canvas/NeuralNetwork3D.tsx(279,17): error TS2339: Property 'pointLight' does not exist on type 'JSX.IntrinsicElements'.
src/components/canvas/NeuralNetwork3D.tsx(280,17): error TS2339: Property 'pointLight' does not exist on type 'JSX.IntrinsicElements'.
src/components/canvas/NeuralNetworkHero.tsx(14,22): error TS2554: Expected 1 arguments, but got 0.
src/components/canvas/NeuralNetworkHero.tsx(66,30): error TS2339: Property 'rotation' does not exist on type '{}'.
src/components/canvas/NeuralNetworkHero.tsx(69,30): error TS2339: Property 'scale' does not exist on type '{}'.
src/components/canvas/NeuralNetworkHero.tsx(74,9): error TS2339: Property 'group' does not exist on type 'JSX.IntrinsicElements'.
src/components/canvas/NeuralNetworkHero.tsx(77,17): error TS2339: Property 'sphereGeometry' does not exist on type 'JSX.IntrinsicElements'.
src/components/canvas/NeuralNetworkHero.tsx(78,17): error TS2339: Property 'meshStandardMaterial' does not exist on type 'JSX.IntrinsicElements'.
src/components/canvas/NeuralNetworkHero.tsx(92,13): error TS2339: Property 'lineSegments' does not exist on type 'JSX.IntrinsicElements'.
src/components/canvas/NeuralNetworkHero.tsx(93,17): error TS2339: Property 'bufferGeometry' does not exist on type 'JSX.IntrinsicElements'.
src/components/canvas/NeuralNetworkHero.tsx(94,21): error TS2339: Property 'bufferAttribute' does not exist on type 'JSX.IntrinsicElements'.
src/components/canvas/NeuralNetworkHero.tsx(100,17): error TS2339: Property 'bufferGeometry' does not exist on type 'JSX.IntrinsicElements'.
src/components/canvas/NeuralNetworkHero.tsx(101,17): error TS2339: Property 'lineBasicMaterial' does not exist on type 'JSX.IntrinsicElements'.
src/components/canvas/NeuralNetworkHero.tsx(107,13): error TS2339: Property 'lineSegments' does not exist on type 'JSX.IntrinsicElements'.
src/components/canvas/NeuralNetworkHero.tsx(113,9): error TS2339: Property 'group' does not exist on type 'JSX.IntrinsicElements'.
src/components/canvas/NeuralNetworkHero.tsx(118,26): error TS7031: Binding element 'positions' implicitly has an 'any' type.
src/components/canvas/NeuralNetworkHero.tsx(118,37): error TS7031: Binding element 'speed' implicitly has an 'any' type.
src/components/canvas/NeuralNetworkHero.tsx(119,17): error TS2554: Expected 1 arguments, but got 0.
src/components/canvas/NeuralNetworkHero.tsx(134,25): error TS2339: Property 'position' does not exist on type '{}'.
src/components/canvas/NeuralNetworkHero.tsx(139,9): error TS2339: Property 'mesh' does not exist on type 'JSX.IntrinsicElements'.
src/components/canvas/NeuralNetworkHero.tsx(140,13): error TS2339: Property 'sphereGeometry' does not exist on type 'JSX.IntrinsicElements'.
src/components/canvas/NeuralNetworkHero.tsx(141,13): error TS2339: Property 'meshBasicMaterial' does not exist on type 'JSX.IntrinsicElements'.
src/components/canvas/NeuralNetworkHero.tsx(142,9): error TS2339: Property 'mesh' does not exist on type 'JSX.IntrinsicElements'.
src/components/canvas/NeuralNetworkHero.tsx(152,22): error TS7031: Binding element 'position' implicitly has an 'any' type.
src/components/canvas/NeuralNetworkHero.tsx(153,22): error TS2554: Expected 1 arguments, but got 0.
src/components/canvas/NeuralNetworkHero.tsx(157,30): error TS2339: Property 'rotation' does not exist on type '{}'.
src/components/canvas/NeuralNetworkHero.tsx(168,9): error TS2339: Property 'group' does not exist on type 'JSX.IntrinsicElements'.
src/components/canvas/NeuralNetworkHero.tsx(170,13): error TS2339: Property 'mesh' does not exist on type 'JSX.IntrinsicElements'.
src/components/canvas/NeuralNetworkHero.tsx(171,17): error TS2339: Property 'boxGeometry' does not exist on type 'JSX.IntrinsicElements'.
src/components/canvas/NeuralNetworkHero.tsx(172,17): error TS2339: Property 'meshStandardMaterial' does not exist on type 'JSX.IntrinsicElements'.
src/components/canvas/NeuralNetworkHero.tsx(173,13): error TS2339: Property 'mesh' does not exist on type 'JSX.IntrinsicElements'.
src/components/canvas/NeuralNetworkHero.tsx(175,13): error TS2339: Property 'mesh' does not exist on type 'JSX.IntrinsicElements'.
src/components/canvas/NeuralNetworkHero.tsx(176,17): error TS2339: Property 'boxGeometry' does not exist on type 'JSX.IntrinsicElements'.
src/components/canvas/NeuralNetworkHero.tsx(177,17): error TS2339: Property 'meshBasicMaterial' does not exist on type 'JSX.IntrinsicElements'.
src/components/canvas/NeuralNetworkHero.tsx(178,13): error TS2339: Property 'mesh' does not exist on type 'JSX.IntrinsicElements'.
src/components/canvas/NeuralNetworkHero.tsx(182,17): error TS2339: Property 'mesh' does not exist on type 'JSX.IntrinsicElements'.
src/components/canvas/NeuralNetworkHero.tsx(183,21): error TS2339: Property 'boxGeometry' does not exist on type 'JSX.IntrinsicElements'.
src/components/canvas/NeuralNetworkHero.tsx(184,21): error TS2339: Property 'meshStandardMaterial' does not exist on type 'JSX.IntrinsicElements'.
src/components/canvas/NeuralNetworkHero.tsx(191,17): error TS2339: Property 'mesh' does not exist on type 'JSX.IntrinsicElements'.
src/components/canvas/NeuralNetworkHero.tsx(196,17): error TS2339: Property 'mesh' does not exist on type 'JSX.IntrinsicElements'.
src/components/canvas/NeuralNetworkHero.tsx(197,21): error TS2339: Property 'boxGeometry' does not exist on type 'JSX.IntrinsicElements'.
src/components/canvas/NeuralNetworkHero.tsx(198,21): error TS2339: Property 'meshStandardMaterial' does not exist on type 'JSX.IntrinsicElements'.
src/components/canvas/NeuralNetworkHero.tsx(205,17): error TS2339: Property 'mesh' does not exist on type 'JSX.IntrinsicElements'.
src/components/canvas/NeuralNetworkHero.tsx(210,17): error TS2339: Property 'mesh' does not exist on type 'JSX.IntrinsicElements'.
src/components/canvas/NeuralNetworkHero.tsx(211,21): error TS2339: Property 'sphereGeometry' does not exist on type 'JSX.IntrinsicElements'.
src/components/canvas/NeuralNetworkHero.tsx(212,21): error TS2339: Property 'meshStandardMaterial' does not exist on type 'JSX.IntrinsicElements'.
src/components/canvas/NeuralNetworkHero.tsx(213,17): error TS2339: Property 'mesh' does not exist on type 'JSX.IntrinsicElements'.
src/components/canvas/NeuralNetworkHero.tsx(218,17): error TS2339: Property 'mesh' does not exist on type 'JSX.IntrinsicElements'.
src/components/canvas/NeuralNetworkHero.tsx(219,21): error TS2339: Property 'sphereGeometry' does not exist on type 'JSX.IntrinsicElements'.
src/components/canvas/NeuralNetworkHero.tsx(220,21): error TS2339: Property 'meshStandardMaterial' does not exist on type 'JSX.IntrinsicElements'.
src/components/canvas/NeuralNetworkHero.tsx(221,17): error TS2339: Property 'mesh' does not exist on type 'JSX.IntrinsicElements'.
src/components/canvas/NeuralNetworkHero.tsx(259,9): error TS2339: Property 'group' does not exist on type 'JSX.IntrinsicElements'.
src/components/canvas/NeuralNetworkHero.tsx(268,22): error TS7031: Binding element 'position' implicitly has an 'any' type.
src/components/canvas/NeuralNetworkHero.tsx(269,22): error TS2554: Expected 1 arguments, but got 0.
src/components/canvas/NeuralNetworkHero.tsx(273,30): error TS2339: Property 'rotation' does not exist on type '{}'.
src/components/canvas/NeuralNetworkHero.tsx(287,28): error TS7006: Parameter 'count' implicitly has an 'any' type.
src/components/canvas/NeuralNetworkHero.tsx(287,35): error TS7006: Parameter 'xPos' implicitly has an 'any' type.
src/components/canvas/NeuralNetworkHero.tsx(302,9): error TS2339: Property 'group' does not exist on type 'JSX.IntrinsicElements'.
src/components/canvas/NeuralNetworkHero.tsx(305,17): error TS2339: Property 'mesh' does not exist on type 'JSX.IntrinsicElements'.
src/components/canvas/NeuralNetworkHero.tsx(306,21): error TS2339: Property 'sphereGeometry' does not exist on type 'JSX.IntrinsicElements'.
src/components/canvas/NeuralNetworkHero.tsx(307,21): error TS2339: Property 'meshStandardMaterial' does not exist on type 'JSX.IntrinsicElements'.
src/components/canvas/NeuralNetworkHero.tsx(308,17): error TS2339: Property 'mesh' does not exist on type 'JSX.IntrinsicElements'.
src/components/canvas/NeuralNetworkHero.tsx(313,17): error TS2339: Property 'mesh' does not exist on type 'JSX.IntrinsicElements'.
src/components/canvas/NeuralNetworkHero.tsx(314,21): error TS2339: Property 'sphereGeometry' does not exist on type 'JSX.IntrinsicElements'.
src/components/canvas/NeuralNetworkHero.tsx(315,21): error TS2339: Property 'meshStandardMaterial' does not exist on type 'JSX.IntrinsicElements'.
src/components/canvas/NeuralNetworkHero.tsx(316,17): error TS2339: Property 'mesh' does not exist on type 'JSX.IntrinsicElements'.
src/components/canvas/NeuralNetworkHero.tsx(321,17): error TS2339: Property 'mesh' does not exist on type 'JSX.IntrinsicElements'.
src/components/canvas/NeuralNetworkHero.tsx(322,21): error TS2339: Property 'sphereGeometry' does not exist on type 'JSX.IntrinsicElements'.
src/components/canvas/NeuralNetworkHero.tsx(323,21): error TS2339: Property 'meshStandardMaterial' does not exist on type 'JSX.IntrinsicElements'.
src/components/canvas/NeuralNetworkHero.tsx(324,17): error TS2339: Property 'mesh' does not exist on type 'JSX.IntrinsicElements'.
src/components/canvas/NeuralNetworkHero.tsx(329,17): error TS2339: Property 'mesh' does not exist on type 'JSX.IntrinsicElements'.
src/components/canvas/NeuralNetworkHero.tsx(330,21): error TS2339: Property 'sphereGeometry' does not exist on type 'JSX.IntrinsicElements'.
src/components/canvas/NeuralNetworkHero.tsx(331,21): error TS2339: Property 'meshStandardMaterial' does not exist on type 'JSX.IntrinsicElements'.
src/components/canvas/NeuralNetworkHero.tsx(332,17): error TS2339: Property 'mesh' does not exist on type 'JSX.IntrinsicElements'.
src/components/canvas/NeuralNetworkHero.tsx(378,13): error TS2339: Property 'mesh' does not exist on type 'JSX.IntrinsicElements'.
src/components/canvas/NeuralNetworkHero.tsx(379,17): error TS2339: Property 'torusGeometry' does not exist on type 'JSX.IntrinsicElements'.
src/components/canvas/NeuralNetworkHero.tsx(380,17): error TS2339: Property 'meshBasicMaterial' does not exist on type 'JSX.IntrinsicElements'.
src/components/canvas/NeuralNetworkHero.tsx(381,13): error TS2339: Property 'mesh' does not exist on type 'JSX.IntrinsicElements'.
src/components/canvas/NeuralNetworkHero.tsx(384,13): error TS2339: Property 'mesh' does not exist on type 'JSX.IntrinsicElements'.
src/components/canvas/NeuralNetworkHero.tsx(385,17): error TS2339: Property 'torusGeometry' does not exist on type 'JSX.IntrinsicElements'.
src/components/canvas/NeuralNetworkHero.tsx(386,17): error TS2339: Property 'meshBasicMaterial' does not exist on type 'JSX.IntrinsicElements'.
src/components/canvas/NeuralNetworkHero.tsx(387,13): error TS2339: Property 'mesh' does not exist on type 'JSX.IntrinsicElements'.
src/components/canvas/NeuralNetworkHero.tsx(390,13): error TS2339: Property 'mesh' does not exist on type 'JSX.IntrinsicElements'.
src/components/canvas/NeuralNetworkHero.tsx(391,17): error TS2339: Property 'torusGeometry' does not exist on type 'JSX.IntrinsicElements'.
src/components/canvas/NeuralNetworkHero.tsx(392,17): error TS2339: Property 'meshBasicMaterial' does not exist on type 'JSX.IntrinsicElements'.
src/components/canvas/NeuralNetworkHero.tsx(393,13): error TS2339: Property 'mesh' does not exist on type 'JSX.IntrinsicElements'.
src/components/canvas/NeuralNetworkHero.tsx(394,9): error TS2339: Property 'group' does not exist on type 'JSX.IntrinsicElements'.
src/components/canvas/NeuralNetworkHero.tsx(403,30): error TS7031: Binding element 'position' implicitly has an 'any' type.
src/components/canvas/NeuralNetworkHero.tsx(404,22): error TS2554: Expected 1 arguments, but got 0.
src/components/canvas/NeuralNetworkHero.tsx(408,30): error TS2339: Property 'rotation' does not exist on type '{}'.
src/components/canvas/NeuralNetworkHero.tsx(421,9): error TS2339: Property 'group' does not exist on type 'JSX.IntrinsicElements'.
src/components/canvas/NeuralNetworkHero.tsx(429,21): error TS2339: Property 'group' does not exist on type 'JSX.IntrinsicElements'.
src/components/canvas/NeuralNetworkHero.tsx(431,29): error TS2339: Property 'sphereGeometry' does not exist on type 'JSX.IntrinsicElements'.
src/components/canvas/NeuralNetworkHero.tsx(432,29): error TS2339: Property 'meshStandardMaterial' does not exist on type 'JSX.IntrinsicElements'.
src/components/canvas/NeuralNetworkHero.tsx(434,51): error TS2322: Type 'number[]' is not assignable to type 'Vector3 | undefined'.
  Type 'number[]' is not assignable to type 'Vector3 | [x: number, y: number, z: number] | readonly [x: number, y: number, z: number]'.
    Type 'number[]' is not assignable to type '[x: number, y: number, z: number]'.
      Target requires 3 element(s) but source may have fewer.
src/components/canvas/NeuralNetworkHero.tsx(438,25): error TS2339: Property 'mesh' does not exist on type 'JSX.IntrinsicElements'.
src/components/canvas/NeuralNetworkHero.tsx(439,29): error TS2339: Property 'ringGeometry' does not exist on type 'JSX.IntrinsicElements'.
src/components/canvas/NeuralNetworkHero.tsx(440,29): error TS2339: Property 'meshBasicMaterial' does not exist on type 'JSX.IntrinsicElements'.
src/components/canvas/NeuralNetworkHero.tsx(441,25): error TS2339: Property 'mesh' does not exist on type 'JSX.IntrinsicElements'.
src/components/canvas/NeuralNetworkHero.tsx(442,21): error TS2339: Property 'group' does not exist on type 'JSX.IntrinsicElements'.
src/components/canvas/NeuralNetworkHero.tsx(447,13): error TS2339: Property 'mesh' does not exist on type 'JSX.IntrinsicElements'.
src/components/canvas/NeuralNetworkHero.tsx(448,17): error TS2339: Property 'cylinderGeometry' does not exist on type 'JSX.IntrinsicElements'.
src/components/canvas/NeuralNetworkHero.tsx(449,17): error TS2339: Property 'meshBasicMaterial' does not exist on type 'JSX.IntrinsicElements'.
src/components/canvas/NeuralNetworkHero.tsx(450,13): error TS2339: Property 'mesh' does not exist on type 'JSX.IntrinsicElements'.
src/components/canvas/NeuralNetworkHero.tsx(451,9): error TS2339: Property 'group' does not exist on type 'JSX.IntrinsicElements'.
src/components/canvas/NeuralNetworkHero.tsx(456,30): error TS7031: Binding element 'mousePosition' implicitly has an 'any' type.
src/components/canvas/NeuralNetworkHero.tsx(457,24): error TS2554: Expected 1 arguments, but got 0.
src/components/canvas/NeuralNetworkHero.tsx(466,32): error TS2339: Property 'rotation' does not exist on type '{}'.
src/components/canvas/NeuralNetworkHero.tsx(466,93): error TS2339: Property 'rotation' does not exist on type '{}'.
src/components/canvas/NeuralNetworkHero.tsx(467,32): error TS2339: Property 'rotation' does not exist on type '{}'.
src/components/canvas/NeuralNetworkHero.tsx(467,93): error TS2339: Property 'rotation' does not exist on type '{}'.
src/components/canvas/NeuralNetworkHero.tsx(473,13): error TS2339: Property 'group' does not exist on type 'JSX.IntrinsicElements'.
src/components/canvas/NeuralNetworkHero.tsx(478,17): error TS2339: Property 'group' does not exist on type 'JSX.IntrinsicElements'.
src/components/canvas/NeuralNetworkHero.tsx(487,17): error TS2339: Property 'group' does not exist on type 'JSX.IntrinsicElements'.
src/components/canvas/NeuralNetworkHero.tsx(493,13): error TS2339: Property 'group' does not exist on type 'JSX.IntrinsicElements'.
src/components/canvas/ProjectsBackground3D.tsx(9,21): error TS7031: Binding element 'position' implicitly has an 'any' type.
src/components/canvas/ProjectsBackground3D.tsx(9,43): error TS7031: Binding element 'color' implicitly has an 'any' type.
src/components/canvas/ProjectsBackground3D.tsx(10,21): error TS2554: Expected 1 arguments, but got 0.
src/components/canvas/ProjectsBackground3D.tsx(11,21): error TS2554: Expected 1 arguments, but got 0.
src/components/canvas/ProjectsBackground3D.tsx(16,29): error TS2339: Property 'rotation' does not exist on type '{}'.
src/components/canvas/ProjectsBackground3D.tsx(17,29): error TS2339: Property 'rotation' does not exist on type '{}'.
src/components/canvas/ProjectsBackground3D.tsx(20,29): error TS2339: Property 'rotation' does not exist on type '{}'.
src/components/canvas/ProjectsBackground3D.tsx(21,29): error TS2339: Property 'rotation' does not exist on type '{}'.
src/components/canvas/ProjectsBackground3D.tsx(27,13): error TS2339: Property 'group' does not exist on type 'JSX.IntrinsicElements'.
src/components/canvas/ProjectsBackground3D.tsx(29,17): error TS2339: Property 'mesh' does not exist on type 'JSX.IntrinsicElements'.
src/components/canvas/ProjectsBackground3D.tsx(30,21): error TS2339: Property 'boxGeometry' does not exist on type 'JSX.IntrinsicElements'.
src/components/canvas/ProjectsBackground3D.tsx(31,21): error TS2339: Property 'meshStandardMaterial' does not exist on type 'JSX.IntrinsicElements'.
src/components/canvas/ProjectsBackground3D.tsx(40,17): error TS2339: Property 'mesh' does not exist on type 'JSX.IntrinsicElements'.
src/components/canvas/ProjectsBackground3D.tsx(43,17): error TS2339: Property 'mesh' does not exist on type 'JSX.IntrinsicElements'.
src/components/canvas/ProjectsBackground3D.tsx(44,21): error TS2339: Property 'boxGeometry' does not exist on type 'JSX.IntrinsicElements'.
src/components/canvas/ProjectsBackground3D.tsx(45,21): error TS2339: Property 'meshBasicMaterial' does not exist on type 'JSX.IntrinsicElements'.
src/components/canvas/ProjectsBackground3D.tsx(51,17): error TS2339: Property 'mesh' does not exist on type 'JSX.IntrinsicElements'.
src/components/canvas/ProjectsBackground3D.tsx(52,13): error TS2339: Property 'group' does not exist on type 'JSX.IntrinsicElements'.
src/components/canvas/ProjectsBackground3D.tsx(58,22): error TS7031: Binding element 'position' implicitly has an 'any' type.
src/components/canvas/ProjectsBackground3D.tsx(58,49): error TS7031: Binding element 'color' implicitly has an 'any' type.
src/components/canvas/ProjectsBackground3D.tsx(59,17): error TS2554: Expected 1 arguments, but got 0.
src/components/canvas/ProjectsBackground3D.tsx(63,25): error TS2339: Property 'material' does not exist on type '{}'.
src/components/canvas/ProjectsBackground3D.tsx(85,19): error TS2322: Type 'RefObject<unknown>' is not assignable to type 'Ref<SVGLineElement> | undefined'.
  Type 'RefObject<unknown>' is not assignable to type 'RefObject<SVGLineElement | null>'.
    Type 'unknown' is not assignable to type 'SVGLineElement | null'.
src/components/canvas/ProjectsBackground3D.tsx(86,17): error TS2339: Property 'lineBasicMaterial' does not exist on type 'JSX.IntrinsicElements'.
src/components/canvas/ProjectsBackground3D.tsx(94,26): error TS2554: Expected 1 arguments, but got 0.
src/components/canvas/ProjectsBackground3D.tsx(114,34): error TS2339: Property 'rotation' does not exist on type '{}'.
src/components/canvas/ProjectsBackground3D.tsx(119,9): error TS2339: Property 'points' does not exist on type 'JSX.IntrinsicElements'.
src/components/canvas/ProjectsBackground3D.tsx(120,13): error TS2339: Property 'bufferGeometry' does not exist on type 'JSX.IntrinsicElements'.
src/components/canvas/ProjectsBackground3D.tsx(121,17): error TS2339: Property 'bufferAttribute' does not exist on type 'JSX.IntrinsicElements'.
src/components/canvas/ProjectsBackground3D.tsx(127,13): error TS2339: Property 'bufferGeometry' does not exist on type 'JSX.IntrinsicElements'.
src/components/canvas/ProjectsBackground3D.tsx(128,13): error TS2339: Property 'pointsMaterial' does not exist on type 'JSX.IntrinsicElements'.
src/components/canvas/ProjectsBackground3D.tsx(135,9): error TS2339: Property 'points' does not exist on type 'JSX.IntrinsicElements'.
src/components/canvas/ProjectsBackground3D.tsx(140,17): error TS7031: Binding element 'position' implicitly has an 'any' type.
src/components/canvas/ProjectsBackground3D.tsx(140,39): error TS7031: Binding element 'color' implicitly has an 'any' type.
src/components/canvas/ProjectsBackground3D.tsx(141,17): error TS2554: Expected 1 arguments, but got 0.
src/components/canvas/ProjectsBackground3D.tsx(145,25): error TS2339: Property 'rotation' does not exist on type '{}'.
src/components/canvas/ProjectsBackground3D.tsx(151,13): error TS2339: Property 'mesh' does not exist on type 'JSX.IntrinsicElements'.
src/components/canvas/ProjectsBackground3D.tsx(152,17): error TS2339: Property 'torusGeometry' does not exist on type 'JSX.IntrinsicElements'.
src/components/canvas/ProjectsBackground3D.tsx(153,17): error TS2339: Property 'meshBasicMaterial' does not exist on type 'JSX.IntrinsicElements'.
src/components/canvas/ProjectsBackground3D.tsx(154,13): error TS2339: Property 'mesh' does not exist on type 'JSX.IntrinsicElements'.
src/components/canvas/ProjectsBackground3D.tsx(160,24): error TS7031: Binding element 'position' implicitly has an 'any' type.
src/components/canvas/ProjectsBackground3D.tsx(160,34): error TS7031: Binding element 'color' implicitly has an 'any' type.
src/components/canvas/ProjectsBackground3D.tsx(187,19): error TS2322: Type '{ children: Element; geometry: BufferGeometry<NormalBufferAttributes, BufferGeometryEventMap>; }' is not assignable to type 'SVGLineElementAttributes<SVGLineElement>'.
  Property 'geometry' does not exist on type 'SVGLineElementAttributes<SVGLineElement>'.
src/components/canvas/ProjectsBackground3D.tsx(188,17): error TS2339: Property 'lineBasicMaterial' does not exist on type 'JSX.IntrinsicElements'.
src/components/canvas/ProjectsBackground3D.tsx(196,22): error TS2554: Expected 1 arguments, but got 0.
src/components/canvas/ProjectsBackground3D.tsx(200,30): error TS2339: Property 'rotation' does not exist on type '{}'.
src/components/canvas/ProjectsBackground3D.tsx(201,30): error TS2339: Property 'rotation' does not exist on type '{}'.
src/components/canvas/ProjectsBackground3D.tsx(206,9): error TS2339: Property 'group' does not exist on type 'JSX.IntrinsicElements'.
src/components/canvas/ProjectsBackground3D.tsx(232,21): error TS2339: Property 'mesh' does not exist on type 'JSX.IntrinsicElements'.
src/components/canvas/ProjectsBackground3D.tsx(239,25): error TS2339: Property 'octahedronGeometry' does not exist on type 'JSX.IntrinsicElements'.
src/components/canvas/ProjectsBackground3D.tsx(240,25): error TS2339: Property 'meshBasicMaterial' does not exist on type 'JSX.IntrinsicElements'.
src/components/canvas/ProjectsBackground3D.tsx(245,21): error TS2339: Property 'mesh' does not exist on type 'JSX.IntrinsicElements'.
src/components/canvas/ProjectsBackground3D.tsx(248,9): error TS2339: Property 'group' does not exist on type 'JSX.IntrinsicElements'.
src/components/canvas/ProjectsBackground3D.tsx(261,17): error TS2339: Property 'ambientLight' does not exist on type 'JSX.IntrinsicElements'.
src/components/canvas/ProjectsBackground3D.tsx(262,17): error TS2339: Property 'pointLight' does not exist on type 'JSX.IntrinsicElements'.
src/components/canvas/ProjectsBackground3D.tsx(263,17): error TS2339: Property 'pointLight' does not exist on type 'JSX.IntrinsicElements'.
src/components/canvas/RobotHero.tsx(6,27): error TS2307: Cannot find module 'three/examples/jsm/loaders/FBXLoader' or its corresponding type declarations.
src/components/canvas/RobotHero.tsx(11,22): error TS2554: Expected 1 arguments, but got 0.
src/components/canvas/RobotHero.tsx(19,27): error TS7006: Parameter 'child' implicitly has an 'any' type.
src/components/canvas/RobotHero.tsx(38,30): error TS2339: Property 'rotation' does not exist on type '{}'.
src/components/canvas/RobotHero.tsx(43,9): error TS2339: Property 'group' does not exist on type 'JSX.IntrinsicElements'.
src/components/canvas/RobotHero.tsx(44,13): error TS2339: Property 'primitive' does not exist on type 'JSX.IntrinsicElements'.
src/components/canvas/RobotHero.tsx(45,9): error TS2339: Property 'group' does not exist on type 'JSX.IntrinsicElements'.
src/components/canvas/RobotHero.tsx(71,21): error TS2339: Property 'ambientLight' does not exist on type 'JSX.IntrinsicElements'.
src/components/canvas/RobotHero.tsx(72,21): error TS2339: Property 'directionalLight' does not exist on type 'JSX.IntrinsicElements'.
src/components/canvas/RobotHero.tsx(79,21): error TS2339: Property 'directionalLight' does not exist on type 'JSX.IntrinsicElements'.
src/components/canvas/RobotHero.tsx(84,21): error TS2339: Property 'pointLight' does not exist on type 'JSX.IntrinsicElements'.
src/components/canvas/SkillSpheres.tsx(9,24): error TS7031: Binding element 'position' implicitly has an 'any' type.
src/components/canvas/SkillSpheres.tsx(9,34): error TS7031: Binding element 'color' implicitly has an 'any' type.
src/components/canvas/SkillSpheres.tsx(9,41): error TS7031: Binding element 'emissive' implicitly has an 'any' type.
src/components/canvas/SkillSpheres.tsx(9,72): error TS7031: Binding element 'label' implicitly has an 'any' type.
src/components/canvas/SkillSpheres.tsx(10,21): error TS2554: Expected 1 arguments, but got 0.
src/components/canvas/SkillSpheres.tsx(11,21): error TS2554: Expected 1 arguments, but got 0.
src/components/canvas/SkillSpheres.tsx(17,29): error TS2339: Property 'scale' does not exist on type '{}'.
src/components/canvas/SkillSpheres.tsx(28,13): error TS2339: Property 'group' does not exist on type 'JSX.IntrinsicElements'.
src/components/canvas/SkillSpheres.tsx(30,17): error TS2339: Property 'mesh' does not exist on type 'JSX.IntrinsicElements'.
src/components/canvas/SkillSpheres.tsx(31,21): error TS2339: Property 'icosahedronGeometry' does not exist on type 'JSX.IntrinsicElements'.
src/components/canvas/SkillSpheres.tsx(43,17): error TS2339: Property 'mesh' does not exist on type 'JSX.IntrinsicElements'.
src/components/canvas/SkillSpheres.tsx(46,17): error TS2339: Property 'mesh' does not exist on type 'JSX.IntrinsicElements'.
src/components/canvas/SkillSpheres.tsx(47,21): error TS2339: Property 'sphereGeometry' does not exist on type 'JSX.IntrinsicElements'.
src/components/canvas/SkillSpheres.tsx(48,21): error TS2339: Property 'meshBasicMaterial' does not exist on type 'JSX.IntrinsicElements'.
src/components/canvas/SkillSpheres.tsx(53,17): error TS2339: Property 'mesh' does not exist on type 'JSX.IntrinsicElements'.
src/components/canvas/SkillSpheres.tsx(56,17): error TS2339: Property 'mesh' does not exist on type 'JSX.IntrinsicElements'.
src/components/canvas/SkillSpheres.tsx(57,21): error TS2339: Property 'icosahedronGeometry' does not exist on type 'JSX.IntrinsicElements'.
src/components/canvas/SkillSpheres.tsx(58,21): error TS2339: Property 'meshBasicMaterial' does not exist on type 'JSX.IntrinsicElements'.
src/components/canvas/SkillSpheres.tsx(64,17): error TS2339: Property 'mesh' does not exist on type 'JSX.IntrinsicElements'.
src/components/canvas/SkillSpheres.tsx(65,13): error TS2339: Property 'group' does not exist on type 'JSX.IntrinsicElements'.
src/components/canvas/SkillSpheres.tsx(71,28): error TS7031: Binding element 'points' implicitly has an 'any' type.
src/components/canvas/SkillSpheres.tsx(72,21): error TS2554: Expected 1 arguments, but got 0.
src/components/canvas/SkillSpheres.tsx(75,15): error TS7034: Variable 'pos' implicitly has type 'any[]' in some locations where its type cannot be determined.
src/components/canvas/SkillSpheres.tsx(76,25): error TS7006: Parameter 'point' implicitly has an 'any' type.
src/components/canvas/SkillSpheres.tsx(76,32): error TS7006: Parameter 'i' implicitly has an 'any' type.
src/components/canvas/SkillSpheres.tsx(81,33): error TS7005: Variable 'pos' implicitly has an 'any[]' type.
src/components/canvas/SkillSpheres.tsx(86,29): error TS2339: Property 'material' does not exist on type '{}'.
src/components/canvas/SkillSpheres.tsx(91,15): error TS2322: Type 'RefObject<unknown>' is not assignable to type 'Ref<SVGLineElement> | undefined'.
  Type 'RefObject<unknown>' is not assignable to type 'RefObject<SVGLineElement | null>'.
    Type 'unknown' is not assignable to type 'SVGLineElement | null'.
src/components/canvas/SkillSpheres.tsx(92,13): error TS2339: Property 'bufferGeometry' does not exist on type 'JSX.IntrinsicElements'.
src/components/canvas/SkillSpheres.tsx(93,17): error TS2339: Property 'bufferAttribute' does not exist on type 'JSX.IntrinsicElements'.
src/components/canvas/SkillSpheres.tsx(99,13): error TS2339: Property 'bufferGeometry' does not exist on type 'JSX.IntrinsicElements'.
src/components/canvas/SkillSpheres.tsx(100,13): error TS2339: Property 'lineBasicMaterial' does not exist on type 'JSX.IntrinsicElements'.
src/components/canvas/SkillSpheres.tsx(107,22): error TS2554: Expected 1 arguments, but got 0.
src/components/canvas/SkillSpheres.tsx(126,30): error TS2339: Property 'rotation' does not exist on type '{}'.
src/components/canvas/SkillSpheres.tsx(127,30): error TS2339: Property 'rotation' does not exist on type '{}'.
src/components/canvas/SkillSpheres.tsx(132,9): error TS2339: Property 'group' does not exist on type 'JSX.IntrinsicElements'.
src/components/canvas/SkillSpheres.tsx(136,21): error TS2339: Property 'mesh' does not exist on type 'JSX.IntrinsicElements'.
src/components/canvas/SkillSpheres.tsx(143,25): error TS2339: Property 'sphereGeometry' does not exist on type 'JSX.IntrinsicElements'.
src/components/canvas/SkillSpheres.tsx(144,25): error TS2339: Property 'meshBasicMaterial' does not exist on type 'JSX.IntrinsicElements'.
src/components/canvas/SkillSpheres.tsx(149,21): error TS2339: Property 'mesh' does not exist on type 'JSX.IntrinsicElements'.
src/components/canvas/SkillSpheres.tsx(163,17): error TS2339: Property 'mesh' does not exist on type 'JSX.IntrinsicElements'.
src/components/canvas/SkillSpheres.tsx(164,21): error TS2339: Property 'octahedronGeometry' does not exist on type 'JSX.IntrinsicElements'.
src/components/canvas/SkillSpheres.tsx(165,21): error TS2339: Property 'meshStandardMaterial' does not exist on type 'JSX.IntrinsicElements'.
src/components/canvas/SkillSpheres.tsx(172,17): error TS2339: Property 'mesh' does not exist on type 'JSX.IntrinsicElements'.
src/components/canvas/SkillSpheres.tsx(174,9): error TS2339: Property 'group' does not exist on type 'JSX.IntrinsicElements'.
src/components/canvas/SkillSpheres.tsx(188,17): error TS2339: Property 'ambientLight' does not exist on type 'JSX.IntrinsicElements'.
src/components/canvas/SkillSpheres.tsx(189,17): error TS2339: Property 'pointLight' does not exist on type 'JSX.IntrinsicElements'.
src/components/canvas/SkillSpheres.tsx(190,17): error TS2339: Property 'pointLight' does not exist on type 'JSX.IntrinsicElements'.
src/components/canvas/SkillSpheres.tsx(191,17): error TS2339: Property 'pointLight' does not exist on type 'JSX.IntrinsicElements'.
src/components/canvas/TimelineBackground3D.tsx(9,26): error TS7031: Binding element 'position' implicitly has an 'any' type.
src/components/canvas/TimelineBackground3D.tsx(9,69): error TS7031: Binding element 'color' implicitly has an 'any' type.
src/components/canvas/TimelineBackground3D.tsx(10,21): error TS2554: Expected 1 arguments, but got 0.
src/components/canvas/TimelineBackground3D.tsx(11,21): error TS2554: Expected 1 arguments, but got 0.
src/components/canvas/TimelineBackground3D.tsx(16,29): error TS2339: Property 'rotation' does not exist on type '{}'.
src/components/canvas/TimelineBackground3D.tsx(17,29): error TS2339: Property 'rotation' does not exist on type '{}'.
src/components/canvas/TimelineBackground3D.tsx(18,29): error TS2339: Property 'rotation' does not exist on type '{}'.
src/components/canvas/TimelineBackground3D.tsx(21,29): error TS2339: Property 'rotation' does not exist on type '{}'.
src/components/canvas/TimelineBackground3D.tsx(22,29): error TS2339: Property 'rotation' does not exist on type '{}'.
src/components/canvas/TimelineBackground3D.tsx(29,24): error TS2339: Property 'boxGeometry' does not exist on type 'JSX.IntrinsicElements'.
src/components/canvas/TimelineBackground3D.tsx(31,24): error TS2339: Property 'dodecahedronGeometry' does not exist on type 'JSX.IntrinsicElements'.
src/components/canvas/TimelineBackground3D.tsx(33,24): error TS2339: Property 'icosahedronGeometry' does not exist on type 'JSX.IntrinsicElements'.
src/components/canvas/TimelineBackground3D.tsx(35,24): error TS2339: Property 'octahedronGeometry' does not exist on type 'JSX.IntrinsicElements'.
src/components/canvas/TimelineBackground3D.tsx(41,13): error TS2339: Property 'group' does not exist on type 'JSX.IntrinsicElements'.
src/components/canvas/TimelineBackground3D.tsx(43,17): error TS2339: Property 'mesh' does not exist on type 'JSX.IntrinsicElements'.
src/components/canvas/TimelineBackground3D.tsx(45,21): error TS2339: Property 'meshStandardMaterial' does not exist on type 'JSX.IntrinsicElements'.
src/components/canvas/TimelineBackground3D.tsx(54,17): error TS2339: Property 'mesh' does not exist on type 'JSX.IntrinsicElements'.
src/components/canvas/TimelineBackground3D.tsx(57,17): error TS2339: Property 'mesh' does not exist on type 'JSX.IntrinsicElements'.
src/components/canvas/TimelineBackground3D.tsx(59,21): error TS2339: Property 'meshBasicMaterial' does not exist on type 'JSX.IntrinsicElements'.
src/components/canvas/TimelineBackground3D.tsx(65,17): error TS2339: Property 'mesh' does not exist on type 'JSX.IntrinsicElements'.
src/components/canvas/TimelineBackground3D.tsx(66,13): error TS2339: Property 'group' does not exist on type 'JSX.IntrinsicElements'.
src/components/canvas/TimelineBackground3D.tsx(72,23): error TS7031: Binding element 'position' implicitly has an 'any' type.
src/components/canvas/TimelineBackground3D.tsx(72,33): error TS7031: Binding element 'year' implicitly has an 'any' type.
src/components/canvas/TimelineBackground3D.tsx(72,39): error TS7031: Binding element 'color' implicitly has an 'any' type.
src/components/canvas/TimelineBackground3D.tsx(94,20): error TS7031: Binding element 'pathPoints' implicitly has an 'any' type.
src/components/canvas/TimelineBackground3D.tsx(94,32): error TS7031: Binding element 'color' implicitly has an 'any' type.
src/components/canvas/TimelineBackground3D.tsx(95,17): error TS2554: Expected 1 arguments, but got 0.
src/components/canvas/TimelineBackground3D.tsx(99,29): error TS7006: Parameter 'p' implicitly has an 'any' type.
src/components/canvas/TimelineBackground3D.tsx(107,25): error TS2339: Property 'position' does not exist on type '{}'.
src/components/canvas/TimelineBackground3D.tsx(108,25): error TS2339: Property 'material' does not exist on type '{}'.
src/components/canvas/TimelineBackground3D.tsx(113,9): error TS2339: Property 'mesh' does not exist on type 'JSX.IntrinsicElements'.
src/components/canvas/TimelineBackground3D.tsx(114,13): error TS2339: Property 'sphereGeometry' does not exist on type 'JSX.IntrinsicElements'.
src/components/canvas/TimelineBackground3D.tsx(115,13): error TS2339: Property 'meshBasicMaterial' does not exist on type 'JSX.IntrinsicElements'.
src/components/canvas/TimelineBackground3D.tsx(116,9): error TS2339: Property 'mesh' does not exist on type 'JSX.IntrinsicElements'.
src/components/canvas/TimelineBackground3D.tsx(121,24): error TS7031: Binding element 'points' implicitly has an 'any' type.
src/components/canvas/TimelineBackground3D.tsx(121,32): error TS7031: Binding element 'color' implicitly has an 'any' type.
src/components/canvas/TimelineBackground3D.tsx(122,17): error TS2554: Expected 1 arguments, but got 0.
src/components/canvas/TimelineBackground3D.tsx(125,37): error TS7006: Parameter 'p' implicitly has an 'any' type.
src/components/canvas/TimelineBackground3D.tsx(131,25): error TS2339: Property 'material' does not exist on type '{}'.
src/components/canvas/TimelineBackground3D.tsx(136,15): error TS2322: Type 'RefObject<unknown>' is not assignable to type 'Ref<SVGLineElement> | undefined'.
  Type 'RefObject<unknown>' is not assignable to type 'RefObject<SVGLineElement | null>'.
    Type 'unknown' is not assignable to type 'SVGLineElement | null'.
src/components/canvas/TimelineBackground3D.tsx(137,13): error TS2339: Property 'lineBasicMaterial' does not exist on type 'JSX.IntrinsicElements'.
src/components/canvas/TimelineBackground3D.tsx(144,22): error TS2554: Expected 1 arguments, but got 0.
src/components/canvas/TimelineBackground3D.tsx(160,30): error TS2339: Property 'rotation' does not exist on type '{}'.
src/components/canvas/TimelineBackground3D.tsx(161,30): error TS2339: Property 'rotation' does not exist on type '{}'.
src/components/canvas/TimelineBackground3D.tsx(166,9): error TS2339: Property 'group' does not exist on type 'JSX.IntrinsicElements'.
src/components/canvas/TimelineBackground3D.tsx(202,21): error TS2339: Property 'mesh' does not exist on type 'JSX.IntrinsicElements'.
src/components/canvas/TimelineBackground3D.tsx(209,25): error TS2339: Property 'sphereGeometry' does not exist on type 'JSX.IntrinsicElements'.
src/components/canvas/TimelineBackground3D.tsx(210,25): error TS2339: Property 'meshBasicMaterial' does not exist on type 'JSX.IntrinsicElements'.
src/components/canvas/TimelineBackground3D.tsx(215,21): error TS2339: Property 'mesh' does not exist on type 'JSX.IntrinsicElements'.
src/components/canvas/TimelineBackground3D.tsx(221,17): error TS2339: Property 'mesh' does not exist on type 'JSX.IntrinsicElements'.
src/components/canvas/TimelineBackground3D.tsx(229,21): error TS2339: Property 'sphereGeometry' does not exist on type 'JSX.IntrinsicElements'.
src/components/canvas/TimelineBackground3D.tsx(230,21): error TS2339: Property 'meshBasicMaterial' does not exist on type 'JSX.IntrinsicElements'.
src/components/canvas/TimelineBackground3D.tsx(231,17): error TS2339: Property 'mesh' does not exist on type 'JSX.IntrinsicElements'.
src/components/canvas/TimelineBackground3D.tsx(233,9): error TS2339: Property 'group' does not exist on type 'JSX.IntrinsicElements'.
src/components/canvas/TimelineBackground3D.tsx(246,17): error TS2339: Property 'ambientLight' does not exist on type 'JSX.IntrinsicElements'.
src/components/canvas/TimelineBackground3D.tsx(247,17): error TS2339: Property 'pointLight' does not exist on type 'JSX.IntrinsicElements'.
src/components/canvas/TimelineBackground3D.tsx(248,17): error TS2339: Property 'pointLight' does not exist on type 'JSX.IntrinsicElements'.
src/components/Contact.tsx(25,33): error TS7006: Parameter 'e' implicitly has an 'any' type.
src/components/Contact.tsx(27,19): error TS2345: Argument of type '"loading"' is not assignable to parameter of type 'SetStateAction<null>'.
src/components/Contact.tsx(34,23): error TS2345: Argument of type '"success"' is not assignable to parameter of type 'SetStateAction<null>'.
src/components/Cursor.tsx(10,29): error TS7006: Parameter 'e' implicitly has an 'any' type.
src/components/Cursor.tsx(15,27): error TS2339: Property 'style' does not exist on type 'Element'.
src/components/Cursor.tsx(16,27): error TS2339: Property 'style' does not exist on type 'Element'.
src/components/Footer.tsx(23,38): error TS7053: Element implicitly has an 'any' type because expression of type 'string' can't be used to index type '{ github: ForwardRefExoticComponent<Omit<LucideProps, "ref"> & RefAttributes<SVGSVGElement>>; linkedin: ForwardRefExoticComponent<...>; twitter: ForwardRefExoticComponent<...>; }'.
  No index signature with a parameter of type 'string' was found on type '{ github: ForwardRefExoticComponent<Omit<LucideProps, "ref"> & RefAttributes<SVGSVGElement>>; linkedin: ForwardRefExoticComponent<...>; twitter: ForwardRefExoticComponent<...>; }'.
src/components/hoc/SectionWrapper.tsx(5,27): error TS7006: Parameter 'staggerChildren' implicitly has an 'any' type.
src/components/hoc/SectionWrapper.tsx(5,44): error TS7006: Parameter 'delayChildren' implicitly has an 'any' type.
src/components/hoc/SectionWrapper.tsx(15,17): error TS7006: Parameter 'direction' implicitly has an 'any' type.
src/components/hoc/SectionWrapper.tsx(15,28): error TS7006: Parameter 'type' implicitly has an 'any' type.
src/components/hoc/SectionWrapper.tsx(15,34): error TS7006: Parameter 'delay' implicitly has an 'any' type.
src/components/hoc/SectionWrapper.tsx(15,41): error TS7006: Parameter 'duration' implicitly has an 'any' type.
src/components/hoc/SectionWrapper.tsx(34,18): error TS7006: Parameter 'direction' implicitly has an 'any' type.
src/components/hoc/SectionWrapper.tsx(34,29): error TS7006: Parameter 'type' implicitly has an 'any' type.
src/components/hoc/SectionWrapper.tsx(34,35): error TS7006: Parameter 'delay' implicitly has an 'any' type.
src/components/hoc/SectionWrapper.tsx(34,42): error TS7006: Parameter 'duration' implicitly has an 'any' type.
src/components/hoc/SectionWrapper.tsx(51,17): error TS7006: Parameter 'delay' implicitly has an 'any' type.
src/components/hoc/SectionWrapper.tsx(51,24): error TS7006: Parameter 'duration' implicitly has an 'any' type.
src/components/hoc/SectionWrapper.tsx(68,22): error TS7006: Parameter 'delay' implicitly has an 'any' type.
src/components/hoc/SectionWrapper.tsx(85,25): error TS7006: Parameter 'Component' implicitly has an 'any' type.
src/components/hoc/SectionWrapper.tsx(85,36): error TS7006: Parameter 'idName' implicitly has an 'any' type.
src/components/hoc/SectionWrapper.tsx(86,18): error TS7006: Parameter 'props' implicitly has an 'any' type.
src/components/hoc/SectionWrapper.tsx(89,27): error TS2554: Expected 2 arguments, but got 0.
src/components/ProjectCard.tsx(6,39): error TS7031: Binding element 'project' implicitly has an 'any' type.
src/components/ProjectCard.tsx(6,48): error TS7031: Binding element 'index' implicitly has an 'any' type.
src/components/ProjectCard.tsx(16,30): error TS7006: Parameter 'e' implicitly has an 'any' type.
src/components/ProjectCard.tsx(65,45): error TS7006: Parameter 'tech' implicitly has an 'any' type.
src/components/ProjectCard.tsx(76,46): error TS7006: Parameter 'highlight' implicitly has an 'any' type.
src/components/ProjectCard.tsx(76,57): error TS7006: Parameter 'i' implicitly has an 'any' type.
src/components/ResumeGate.tsx(8,38): error TS7031: Binding element 'isOpen' implicitly has an 'any' type.
src/components/ResumeGate.tsx(8,46): error TS7031: Binding element 'onClose' implicitly has an 'any' type.
src/components/ResumeGate.tsx(12,27): error TS7006: Parameter 'e' implicitly has an 'any' type.
src/components/ThreeBackground.tsx(6,25): error TS7016: Could not find a declaration file for module 'maath/random/dist/maath-random.esm'. 'C:/Users/manth/portfolio/node_modules/maath/random/dist/maath-random.esm.js' implicitly has an 'any' type.
  Try `npm i --save-dev @types/maath` if it exists or add a new declaration (.d.ts) file containing `declare module 'maath/random/dist/maath-random.esm';`
src/components/ThreeBackground.tsx(8,24): error TS7006: Parameter 'props' implicitly has an 'any' type.
src/components/ThreeBackground.tsx(9,17): error TS2554: Expected 1 arguments, but got 0.
src/components/ThreeBackground.tsx(13,9): error TS18046: 'ref.current' is of type 'unknown'.
src/components/ThreeBackground.tsx(14,9): error TS18046: 'ref.current' is of type 'unknown'.
src/components/ThreeBackground.tsx(18,9): error TS18046: 'ref.current' is of type 'unknown'.
src/components/ThreeBackground.tsx(18,52): error TS18046: 'ref.current' is of type 'unknown'.
src/components/ThreeBackground.tsx(19,9): error TS18046: 'ref.current' is of type 'unknown'.
src/components/ThreeBackground.tsx(19,52): error TS18046: 'ref.current' is of type 'unknown'.
src/components/ThreeBackground.tsx(23,9): error TS2339: Property 'group' does not exist on type 'JSX.IntrinsicElements'.
src/components/ThreeBackground.tsx(34,9): error TS2339: Property 'group' does not exist on type 'JSX.IntrinsicElements'.
src/components/ThreeBackground.tsx(39,17): error TS2554: Expected 1 arguments, but got 0.
src/components/ThreeBackground.tsx(41,9): error TS18046: 'ref.current' is of type 'unknown'.
src/components/ThreeBackground.tsx(42,9): error TS18046: 'ref.current' is of type 'unknown'.
src/components/ThreeBackground.tsx(45,9): error TS2339: Property 'group' does not exist on type 'JSX.IntrinsicElements'.
src/components/ThreeBackground.tsx(47,9): error TS2339: Property 'group' does not exist on type 'JSX.IntrinsicElements'.
src/components/VoiceControl.tsx(5,40): error TS7031: Binding element 'isListening' implicitly has an 'any' type.
src/components/WelcomePage.tsx(13,18): error TS2554: Expected 1 arguments, but got 0.
src/components/WelcomePage.tsx(37,26): error TS2339: Property 'rotation' does not exist on type '{}'.
src/components/WelcomePage.tsx(38,26): error TS2339: Property 'rotation' does not exist on type '{}'.
src/components/WelcomePage.tsx(43,9): error TS2339: Property 'points' does not exist on type 'JSX.IntrinsicElements'.
src/components/WelcomePage.tsx(44,13): error TS2339: Property 'bufferGeometry' does not exist on type 'JSX.IntrinsicElements'.
src/components/WelcomePage.tsx(45,17): error TS2339: Property 'bufferAttribute' does not exist on type 'JSX.IntrinsicElements'.
src/components/WelcomePage.tsx(51,17): error TS2339: Property 'bufferAttribute' does not exist on type 'JSX.IntrinsicElements'.
src/components/WelcomePage.tsx(57,13): error TS2339: Property 'bufferGeometry' does not exist on type 'JSX.IntrinsicElements'.
src/components/WelcomePage.tsx(58,13): error TS2339: Property 'pointsMaterial' does not exist on type 'JSX.IntrinsicElements'.
src/components/WelcomePage.tsx(65,9): error TS2339: Property 'points' does not exist on type 'JSX.IntrinsicElements'.
src/components/WelcomePage.tsx(71,21): error TS2554: Expected 1 arguments, but got 0.
src/components/WelcomePage.tsx(72,24): error TS2554: Expected 1 arguments, but got 0.
src/components/WelcomePage.tsx(73,25): error TS2554: Expected 1 arguments, but got 0.
src/components/WelcomePage.tsx(74,24): error TS2554: Expected 1 arguments, but got 0.
src/components/WelcomePage.tsx(75,22): error TS2554: Expected 1 arguments, but got 0.
src/components/WelcomePage.tsx(76,22): error TS2554: Expected 1 arguments, but got 0.
src/components/WelcomePage.tsx(77,22): error TS2554: Expected 1 arguments, but got 0.
src/components/WelcomePage.tsx(84,29): error TS2339: Property 'rotation' does not exist on type '{}'.
src/components/WelcomePage.tsx(85,29): error TS2339: Property 'rotation' does not exist on type '{}'.
src/components/WelcomePage.tsx(91,32): error TS2339: Property 'material' does not exist on type '{}'.
src/components/WelcomePage.tsx(92,33): error TS2339: Property 'material' does not exist on type '{}'.
src/components/WelcomePage.tsx(97,32): error TS2339: Property 'rotation' does not exist on type '{}'.
src/components/WelcomePage.tsx(102,30): error TS2339: Property 'rotation' does not exist on type '{}'.
src/components/WelcomePage.tsx(103,30): error TS2339: Property 'rotation' does not exist on type '{}'.
src/components/WelcomePage.tsx(106,30): error TS2339: Property 'rotation' does not exist on type '{}'.
src/components/WelcomePage.tsx(107,30): error TS2339: Property 'rotation' does not exist on type '{}'.
src/components/WelcomePage.tsx(110,30): error TS2339: Property 'rotation' does not exist on type '{}'.
src/components/WelcomePage.tsx(111,30): error TS2339: Property 'rotation' does not exist on type '{}'.
src/components/WelcomePage.tsx(117,13): error TS2339: Property 'group' does not exist on type 'JSX.IntrinsicElements'.
src/components/WelcomePage.tsx(119,17): error TS2339: Property 'mesh' does not exist on type 'JSX.IntrinsicElements'.
src/components/WelcomePage.tsx(120,21): error TS2339: Property 'boxGeometry' does not exist on type 'JSX.IntrinsicElements'.
src/components/WelcomePage.tsx(121,21): error TS2339: Property 'meshStandardMaterial' does not exist on type 'JSX.IntrinsicElements'.
src/components/WelcomePage.tsx(126,17): error TS2339: Property 'mesh' does not exist on type 'JSX.IntrinsicElements'.
src/components/WelcomePage.tsx(129,17): error TS2339: Property 'mesh' does not exist on type 'JSX.IntrinsicElements'.
src/components/WelcomePage.tsx(130,21): error TS2339: Property 'sphereGeometry' does not exist on type 'JSX.IntrinsicElements'.
src/components/WelcomePage.tsx(131,21): error TS2339: Property 'meshStandardMaterial' does not exist on type 'JSX.IntrinsicElements'.
src/components/WelcomePage.tsx(136,17): error TS2339: Property 'mesh' does not exist on type 'JSX.IntrinsicElements'.
src/components/WelcomePage.tsx(139,17): error TS2339: Property 'mesh' does not exist on type 'JSX.IntrinsicElements'.
src/components/WelcomePage.tsx(140,21): error TS2339: Property 'boxGeometry' does not exist on type 'JSX.IntrinsicElements'.
src/components/WelcomePage.tsx(141,21): error TS2339: Property 'meshStandardMaterial' does not exist on type 'JSX.IntrinsicElements'.
src/components/WelcomePage.tsx(146,17): error TS2339: Property 'mesh' does not exist on type 'JSX.IntrinsicElements'.
src/components/WelcomePage.tsx(149,17): error TS2339: Property 'mesh' does not exist on type 'JSX.IntrinsicElements'.
src/components/WelcomePage.tsx(150,21): error TS2339: Property 'cylinderGeometry' does not exist on type 'JSX.IntrinsicElements'.
src/components/WelcomePage.tsx(151,21): error TS2339: Property 'meshStandardMaterial' does not exist on type 'JSX.IntrinsicElements'.
src/components/WelcomePage.tsx(152,17): error TS2339: Property 'mesh' does not exist on type 'JSX.IntrinsicElements'.
src/components/WelcomePage.tsx(155,17): error TS2339: Property 'mesh' does not exist on type 'JSX.IntrinsicElements'.
src/components/WelcomePage.tsx(156,21): error TS2339: Property 'sphereGeometry' does not exist on type 'JSX.IntrinsicElements'.
src/components/WelcomePage.tsx(157,21): error TS2339: Property 'meshStandardMaterial' does not exist on type 'JSX.IntrinsicElements'.
src/components/WelcomePage.tsx(164,17): error TS2339: Property 'mesh' does not exist on type 'JSX.IntrinsicElements'.
src/components/WelcomePage.tsx(167,17): error TS2339: Property 'mesh' does not exist on type 'JSX.IntrinsicElements'.
src/components/WelcomePage.tsx(168,21): error TS2339: Property 'sphereGeometry' does not exist on type 'JSX.IntrinsicElements'.
src/components/WelcomePage.tsx(169,21): error TS2339: Property 'meshBasicMaterial' does not exist on type 'JSX.IntrinsicElements'.
src/components/WelcomePage.tsx(170,17): error TS2339: Property 'mesh' does not exist on type 'JSX.IntrinsicElements'.
src/components/WelcomePage.tsx(173,17): error TS2339: Property 'mesh' does not exist on type 'JSX.IntrinsicElements'.
src/components/WelcomePage.tsx(174,21): error TS2339: Property 'cylinderGeometry' does not exist on type 'JSX.IntrinsicElements'.
src/components/WelcomePage.tsx(175,21): error TS2339: Property 'meshStandardMaterial' does not exist on type 'JSX.IntrinsicElements'.
src/components/WelcomePage.tsx(176,17): error TS2339: Property 'mesh' does not exist on type 'JSX.IntrinsicElements'.
src/components/WelcomePage.tsx(179,17): error TS2339: Property 'mesh' does not exist on type 'JSX.IntrinsicElements'.
src/components/WelcomePage.tsx(180,21): error TS2339: Property 'sphereGeometry' does not exist on type 'JSX.IntrinsicElements'.
src/components/WelcomePage.tsx(181,21): error TS2339: Property 'meshStandardMaterial' does not exist on type 'JSX.IntrinsicElements'.
src/components/WelcomePage.tsx(188,17): error TS2339: Property 'mesh' does not exist on type 'JSX.IntrinsicElements'.
src/components/WelcomePage.tsx(191,17): error TS2339: Property 'mesh' does not exist on type 'JSX.IntrinsicElements'.
src/components/WelcomePage.tsx(192,21): error TS2339: Property 'sphereGeometry' does not exist on type 'JSX.IntrinsicElements'.
src/components/WelcomePage.tsx(193,21): error TS2339: Property 'meshBasicMaterial' does not exist on type 'JSX.IntrinsicElements'.
src/components/WelcomePage.tsx(194,17): error TS2339: Property 'mesh' does not exist on type 'JSX.IntrinsicElements'.
src/components/WelcomePage.tsx(197,17): error TS2339: Property 'mesh' does not exist on type 'JSX.IntrinsicElements'.
src/components/WelcomePage.tsx(198,21): error TS2339: Property 'boxGeometry' does not exist on type 'JSX.IntrinsicElements'.
src/components/WelcomePage.tsx(199,21): error TS2339: Property 'meshStandardMaterial' does not exist on type 'JSX.IntrinsicElements'.
src/components/WelcomePage.tsx(204,17): error TS2339: Property 'mesh' does not exist on type 'JSX.IntrinsicElements'.
src/components/WelcomePage.tsx(208,21): error TS2339: Property 'mesh' does not exist on type 'JSX.IntrinsicElements'.
src/components/WelcomePage.tsx(209,25): error TS2339: Property 'boxGeometry' does not exist on type 'JSX.IntrinsicElements'.
src/components/WelcomePage.tsx(210,25): error TS2339: Property 'meshBasicMaterial' does not exist on type 'JSX.IntrinsicElements'.
src/components/WelcomePage.tsx(211,21): error TS2339: Property 'mesh' does not exist on type 'JSX.IntrinsicElements'.
src/components/WelcomePage.tsx(215,17): error TS2339: Property 'group' does not exist on type 'JSX.IntrinsicElements'.
src/components/WelcomePage.tsx(216,21): error TS2339: Property 'mesh' does not exist on type 'JSX.IntrinsicElements'.
src/components/WelcomePage.tsx(217,25): error TS2339: Property 'cylinderGeometry' does not exist on type 'JSX.IntrinsicElements'.
src/components/WelcomePage.tsx(218,25): error TS2339: Property 'meshStandardMaterial' does not exist on type 'JSX.IntrinsicElements'.
src/components/WelcomePage.tsx(219,21): error TS2339: Property 'mesh' does not exist on type 'JSX.IntrinsicElements'.
src/components/WelcomePage.tsx(221,21): error TS2339: Property 'mesh' does not exist on type 'JSX.IntrinsicElements'.
src/components/WelcomePage.tsx(222,25): error TS2339: Property 'sphereGeometry' does not exist on type 'JSX.IntrinsicElements'.
src/components/WelcomePage.tsx(223,25): error TS2339: Property 'meshStandardMaterial' does not exist on type 'JSX.IntrinsicElements'.
src/components/WelcomePage.tsx(228,21): error TS2339: Property 'mesh' does not exist on type 'JSX.IntrinsicElements'.
src/components/WelcomePage.tsx(230,21): error TS2339: Property 'mesh' does not exist on type 'JSX.IntrinsicElements'.
src/components/WelcomePage.tsx(231,25): error TS2339: Property 'sphereGeometry' does not exist on type 'JSX.IntrinsicElements'.
src/components/WelcomePage.tsx(232,25): error TS2339: Property 'meshBasicMaterial' does not exist on type 'JSX.IntrinsicElements'.
src/components/WelcomePage.tsx(233,21): error TS2339: Property 'mesh' does not exist on type 'JSX.IntrinsicElements'.
src/components/WelcomePage.tsx(234,17): error TS2339: Property 'group' does not exist on type 'JSX.IntrinsicElements'.
src/components/WelcomePage.tsx(237,17): error TS2339: Property 'mesh' does not exist on type 'JSX.IntrinsicElements'.
src/components/WelcomePage.tsx(238,21): error TS2339: Property 'boxGeometry' does not exist on type 'JSX.IntrinsicElements'.
src/components/WelcomePage.tsx(239,21): error TS2339: Property 'meshStandardMaterial' does not exist on type 'JSX.IntrinsicElements'.
src/components/WelcomePage.tsx(246,17): error TS2339: Property 'mesh' does not exist on type 'JSX.IntrinsicElements'.
src/components/WelcomePage.tsx(249,17): error TS2339: Property 'mesh' does not exist on type 'JSX.IntrinsicElements'.
src/components/WelcomePage.tsx(250,21): error TS2339: Property 'boxGeometry' does not exist on type 'JSX.IntrinsicElements'.
src/components/WelcomePage.tsx(251,21): error TS2339: Property 'meshStandardMaterial' does not exist on type 'JSX.IntrinsicElements'.
src/components/WelcomePage.tsx(258,17): error TS2339: Property 'mesh' does not exist on type 'JSX.IntrinsicElements'.
src/components/WelcomePage.tsx(261,17): error TS2339: Property 'mesh' does not exist on type 'JSX.IntrinsicElements'.
src/components/WelcomePage.tsx(262,21): error TS2339: Property 'boxGeometry' does not exist on type 'JSX.IntrinsicElements'.
src/components/WelcomePage.tsx(263,21): error TS2339: Property 'meshStandardMaterial' does not exist on type 'JSX.IntrinsicElements'.
src/components/WelcomePage.tsx(264,17): error TS2339: Property 'mesh' does not exist on type 'JSX.IntrinsicElements'.
src/components/WelcomePage.tsx(267,17): error TS2339: Property 'mesh' does not exist on type 'JSX.IntrinsicElements'.
src/components/WelcomePage.tsx(268,21): error TS2339: Property 'boxGeometry' does not exist on type 'JSX.IntrinsicElements'.
src/components/WelcomePage.tsx(269,21): error TS2339: Property 'meshStandardMaterial' does not exist on type 'JSX.IntrinsicElements'.
src/components/WelcomePage.tsx(274,17): error TS2339: Property 'mesh' does not exist on type 'JSX.IntrinsicElements'.
src/components/WelcomePage.tsx(278,21): error TS2339: Property 'mesh' does not exist on type 'JSX.IntrinsicElements'.
src/components/WelcomePage.tsx(279,25): error TS2339: Property 'boxGeometry' does not exist on type 'JSX.IntrinsicElements'.
src/components/WelcomePage.tsx(280,25): error TS2339: Property 'meshBasicMaterial' does not exist on type 'JSX.IntrinsicElements'.
src/components/WelcomePage.tsx(281,21): error TS2339: Property 'mesh' does not exist on type 'JSX.IntrinsicElements'.
src/components/WelcomePage.tsx(283,13): error TS2339: Property 'group' does not exist on type 'JSX.IntrinsicElements'.
src/components/WelcomePage.tsx(286,13): error TS2339: Property 'mesh' does not exist on type 'JSX.IntrinsicElements'.
src/components/WelcomePage.tsx(287,17): error TS2339: Property 'torusGeometry' does not exist on type 'JSX.IntrinsicElements'.
src/components/WelcomePage.tsx(288,17): error TS2339: Property 'meshBasicMaterial' does not exist on type 'JSX.IntrinsicElements'.
src/components/WelcomePage.tsx(289,13): error TS2339: Property 'mesh' does not exist on type 'JSX.IntrinsicElements'.
src/components/WelcomePage.tsx(292,13): error TS2339: Property 'mesh' does not exist on type 'JSX.IntrinsicElements'.
src/components/WelcomePage.tsx(293,17): error TS2339: Property 'torusGeometry' does not exist on type 'JSX.IntrinsicElements'.
src/components/WelcomePage.tsx(294,17): error TS2339: Property 'meshBasicMaterial' does not exist on type 'JSX.IntrinsicElements'.
src/components/WelcomePage.tsx(295,13): error TS2339: Property 'mesh' does not exist on type 'JSX.IntrinsicElements'.
src/components/WelcomePage.tsx(298,13): error TS2339: Property 'mesh' does not exist on type 'JSX.IntrinsicElements'.
src/components/WelcomePage.tsx(299,17): error TS2339: Property 'torusGeometry' does not exist on type 'JSX.IntrinsicElements'.
src/components/WelcomePage.tsx(300,17): error TS2339: Property 'meshBasicMaterial' does not exist on type 'JSX.IntrinsicElements'.
src/components/WelcomePage.tsx(301,13): error TS2339: Property 'mesh' does not exist on type 'JSX.IntrinsicElements'.
src/components/WelcomePage.tsx(312,25): error TS7031: Binding element 'index' implicitly has an 'any' type.
src/components/WelcomePage.tsx(313,17): error TS2554: Expected 1 arguments, but got 0.
src/components/WelcomePage.tsx(320,9): error TS18046: 'ref.current' is of type 'unknown'.
src/components/WelcomePage.tsx(321,9): error TS18046: 'ref.current' is of type 'unknown'.
src/components/WelcomePage.tsx(322,9): error TS18046: 'ref.current' is of type 'unknown'.
src/components/WelcomePage.tsx(326,9): error TS2339: Property 'mesh' does not exist on type 'JSX.IntrinsicElements'.
src/components/WelcomePage.tsx(327,13): error TS2339: Property 'octahedronGeometry' does not exist on type 'JSX.IntrinsicElements'.
src/components/WelcomePage.tsx(328,13): error TS2339: Property 'meshBasicMaterial' does not exist on type 'JSX.IntrinsicElements'.
src/components/WelcomePage.tsx(333,9): error TS2339: Property 'mesh' does not exist on type 'JSX.IntrinsicElements'.
src/components/WelcomePage.tsx(360,9): error TS2339: Property 'group' does not exist on type 'JSX.IntrinsicElements'.
src/components/WelcomePage.tsx(364,9): error TS2339: Property 'group' does not exist on type 'JSX.IntrinsicElements'.
src/components/WelcomePage.tsx(368,21): error TS7031: Binding element 'start' implicitly has an 'any' type.
src/components/WelcomePage.tsx(368,28): error TS7031: Binding element 'end' implicitly has an 'any' type.
src/components/WelcomePage.tsx(368,33): error TS7031: Binding element 'color' implicitly has an 'any' type.
src/components/WelcomePage.tsx(368,40): error TS7031: Binding element 'index' implicitly has an 'any' type.
src/components/WelcomePage.tsx(369,17): error TS2554: Expected 1 arguments, but got 0.
src/components/WelcomePage.tsx(373,25): error TS2339: Property 'material' does not exist on type '{}'.
src/components/WelcomePage.tsx(386,15): error TS2322: Type 'RefObject<unknown>' is not assignable to type 'Ref<SVGLineElement> | undefined'.
  Type 'RefObject<unknown>' is not assignable to type 'RefObject<SVGLineElement | null>'.
    Type 'unknown' is not assignable to type 'SVGLineElement | null'.
src/components/WelcomePage.tsx(387,13): error TS2339: Property 'lineBasicMaterial' does not exist on type 'JSX.IntrinsicElements'.
src/components/WelcomePage.tsx(393,25): error TS7031: Binding element 'mousePosition' implicitly has an 'any' type.
src/components/WelcomePage.tsx(396,13): error TS2339: Property 'ambientLight' does not exist on type 'JSX.IntrinsicElements'.
src/components/WelcomePage.tsx(397,13): error TS2339: Property 'directionalLight' does not exist on type 'JSX.IntrinsicElements'.
src/components/WelcomePage.tsx(398,13): error TS2339: Property 'pointLight' does not exist on type 'JSX.IntrinsicElements'.
src/components/WelcomePage.tsx(399,13): error TS2339: Property 'pointLight' does not exist on type 'JSX.IntrinsicElements'.
src/components/WelcomePage.tsx(400,13): error TS2339: Property 'pointLight' does not exist on type 'JSX.IntrinsicElements'.
src/components/WelcomePage.tsx(460,39): error TS7031: Binding element 'onEnter' implicitly has an 'any' type.
src/components/WelcomePage.tsx(466,34): error TS7006: Parameter 'e' implicitly has an 'any' type.
